This is pdfTeX, Version 3.1415926-2.5-1.40.14 (MiKTeX 2.9) (preloaded format=pdflatex 2015.2.26)  7 JUL 2015 10:35
entering extended mode
**FunctionalRequirements.tex

("C:\Users\Lesedi\MainProjectCOS301\Functional Requirements\FunctionalRequireme
nts.tex"
LaTeX2e <2011/06/27>
Babel <v3.8m> and hyphenation patterns for english, afrikaans, ancientgreek, ar
abic, armenian, assamese, basque, bengali, bokmal, bulgarian, catalan, coptic, 
croatian, czech, danish, dutch, esperanto, estonian, farsi, finnish, french, ga
lician, german, german-x-2013-05-26, greek, gujarati, hindi, hungarian, iceland
ic, indonesian, interlingua, irish, italian, kannada, kurmanji, latin, latvian,
 lithuanian, malayalam, marathi, mongolian, mongolianlmc, monogreek, ngerman, n
german-x-2013-05-26, nynorsk, oriya, panjabi, pinyin, polish, portuguese, roman
ian, russian, sanskrit, serbian, slovak, slovenian, spanish, swedish, swissgerm
an, tamil, telugu, turkish, turkmen, ukenglish, ukrainian, uppersorbian, usengl
ishmax, welsh, loaded.
("C:\Program Files\MiKTeX 2.9\tex\latex\base\article.cls"
Document Class: article 2007/10/19 v1.4h Standard LaTeX document class
("C:\Program Files\MiKTeX 2.9\tex\latex\base\size12.clo"
File: size12.clo 2007/10/19 v1.4h Standard LaTeX file (size option)
)
\c@part=\count79
\c@section=\count80
\c@subsection=\count81
\c@subsubsection=\count82
\c@paragraph=\count83
\c@subparagraph=\count84
\c@figure=\count85
\c@table=\count86
\abovecaptionskip=\skip41
\belowcaptionskip=\skip42
\bibindent=\dimen102
)
("C:\Program Files\MiKTeX 2.9\tex\latex\hyperref\hyperref.sty"
Package: hyperref 2012/11/06 v6.83m Hypertext links for LaTeX

("C:\Program Files\MiKTeX 2.9\tex\generic\oberdiek\hobsub-hyperref.sty"
Package: hobsub-hyperref 2012/04/25 v1.12 Bundle oberdiek, subset hyperref (HO)


("C:\Program Files\MiKTeX 2.9\tex\generic\oberdiek\hobsub-generic.sty"
Package: hobsub-generic 2012/04/25 v1.12 Bundle oberdiek, subset generic (HO)
Package: hobsub 2012/04/25 v1.12 Construct package bundles (HO)
Package: infwarerr 2010/04/08 v1.3 Providing info/warning/error messages (HO)
Package: ltxcmds 2011/11/09 v1.22 LaTeX kernel commands for general use (HO)
Package: ifluatex 2010/03/01 v1.3 Provides the ifluatex switch (HO)
Package ifluatex Info: LuaTeX not detected.
Package: ifvtex 2010/03/01 v1.5 Detect VTeX and its facilities (HO)
Package ifvtex Info: VTeX not detected.
Package: intcalc 2007/09/27 v1.1 Expandable calculations with integers (HO)
Package: ifpdf 2011/01/30 v2.3 Provides the ifpdf switch (HO)
Package ifpdf Info: pdfTeX in PDF mode is detected.
Package: etexcmds 2011/02/16 v1.5 Avoid name clashes with e-TeX commands (HO)
Package etexcmds Info: Could not find \expanded.
(etexcmds)             That can mean that you are not using pdfTeX 1.50 or
(etexcmds)             that some package has redefined \expanded.
(etexcmds)             In the latter case, load this package earlier.
Package: kvsetkeys 2012/04/25 v1.16 Key value parser (HO)
Package: kvdefinekeys 2011/04/07 v1.3 Define keys (HO)
Package: pdftexcmds 2011/11/29 v0.20 Utility functions of pdfTeX for LuaTeX (HO
)
Package pdftexcmds Info: LuaTeX not detected.
Package pdftexcmds Info: \pdf@primitive is available.
Package pdftexcmds Info: \pdf@ifprimitive is available.
Package pdftexcmds Info: \pdfdraftmode found.
Package: pdfescape 2011/11/25 v1.13 Implements pdfTeX's escape features (HO)
Package: bigintcalc 2012/04/08 v1.3 Expandable calculations on big integers (HO
)
Package: bitset 2011/01/30 v1.1 Handle bit-vector datatype (HO)
Package: uniquecounter 2011/01/30 v1.2 Provide unlimited unique counter (HO)
)
Package hobsub Info: Skipping package `hobsub' (already loaded).
Package: letltxmacro 2010/09/02 v1.4 Let assignment for LaTeX macros (HO)
Package: hopatch 2011/06/24 v1.1 Wrapper for package hooks (HO)
Package: xcolor-patch 2011/01/30 xcolor patch
Package: atveryend 2011/06/30 v1.8 Hooks at the very end of document (HO)
Package atveryend Info: \enddocument detected (standard20110627).
Package: atbegshi 2011/10/05 v1.16 At begin shipout hook (HO)
Package: refcount 2011/10/16 v3.4 Data extraction from label references (HO)
Package: hycolor 2011/01/30 v1.7 Color options for hyperref/bookmark (HO)
)
("C:\Program Files\MiKTeX 2.9\tex\latex\graphics\keyval.sty"
Package: keyval 1999/03/16 v1.13 key=value parser (DPC)
\KV@toks@=\toks14
)
("C:\Program Files\MiKTeX 2.9\tex\generic\ifxetex\ifxetex.sty"
Package: ifxetex 2010/09/12 v0.6 Provides ifxetex conditional
)
("C:\Program Files\MiKTeX 2.9\tex\latex\oberdiek\auxhook.sty"
Package: auxhook 2011/03/04 v1.3 Hooks for auxiliary files (HO)
)
("C:\Program Files\MiKTeX 2.9\tex\latex\oberdiek\kvoptions.sty"
Package: kvoptions 2011/06/30 v3.11 Key value format for package options (HO)
)
\@linkdim=\dimen103
\Hy@linkcounter=\count87
\Hy@pagecounter=\count88

("C:\Program Files\MiKTeX 2.9\tex\latex\hyperref\pd1enc.def"
File: pd1enc.def 2012/11/06 v6.83m Hyperref: PDFDocEncoding definition (HO)
)
\Hy@SavedSpaceFactor=\count89

("C:\Program Files\MiKTeX 2.9\tex\latex\00miktex\hyperref.cfg"
File: hyperref.cfg 2002/06/06 v1.2 hyperref configuration of TeXLive
)
Package hyperref Info: Hyper figures OFF on input line 4443.
Package hyperref Info: Link nesting OFF on input line 4448.
Package hyperref Info: Hyper index ON on input line 4451.
Package hyperref Info: Plain pages OFF on input line 4458.
Package hyperref Info: Backreferencing OFF on input line 4463.
Package hyperref Info: Implicit mode ON; LaTeX internals redefined.
Package hyperref Info: Bookmarks ON on input line 4688.
\c@Hy@tempcnt=\count90

("C:\Program Files\MiKTeX 2.9\tex\latex\url\url.sty"
\Urlmuskip=\muskip10
Package: url 2013/09/16  ver 3.4  Verb mode for urls, etc.
)
LaTeX Info: Redefining \url on input line 5041.
\XeTeXLinkMargin=\dimen104
\Fld@menulength=\count91
\Field@Width=\dimen105
\Fld@charsize=\dimen106
Package hyperref Info: Hyper figures OFF on input line 6295.
Package hyperref Info: Link nesting OFF on input line 6300.
Package hyperref Info: Hyper index ON on input line 6303.
Package hyperref Info: backreferencing OFF on input line 6310.
Package hyperref Info: Link coloring OFF on input line 6315.
Package hyperref Info: Link coloring with OCG OFF on input line 6320.
Package hyperref Info: PDF/A mode OFF on input line 6325.
LaTeX Info: Redefining \ref on input line 6365.
LaTeX Info: Redefining \pageref on input line 6369.
\Hy@abspage=\count92
\c@Item=\count93
\c@Hfootnote=\count94
)

Package hyperref Message: Driver (autodetected): hpdftex.

("C:\Program Files\MiKTeX 2.9\tex\latex\hyperref\hpdftex.def"
File: hpdftex.def 2012/11/06 v6.83m Hyperref driver for pdfTeX
\Fld@listcount=\count95
\c@bookmark@seq@number=\count96

("C:\Program Files\MiKTeX 2.9\tex\latex\oberdiek\rerunfilecheck.sty"
Package: rerunfilecheck 2011/04/15 v1.7 Rerun checks for auxiliary files (HO)
Package uniquecounter Info: New unique counter `rerunfilecheck' on input line 2
82.
)
\Hy@SectionHShift=\skip43
)
("C:\Program Files\MiKTeX 2.9\tex\latex\graphics\graphicx.sty"
Package: graphicx 1999/02/16 v1.0f Enhanced LaTeX Graphics (DPC,SPQR)

("C:\Program Files\MiKTeX 2.9\tex\latex\graphics\graphics.sty"
Package: graphics 2009/02/05 v1.0o Standard LaTeX Graphics (DPC,SPQR)

("C:\Program Files\MiKTeX 2.9\tex\latex\graphics\trig.sty"
Package: trig 1999/03/16 v1.09 sin cos tan (DPC)
)
("C:\Program Files\MiKTeX 2.9\tex\latex\00miktex\graphics.cfg"
File: graphics.cfg 2007/01/18 v1.5 graphics configuration of teTeX/TeXLive
)
Package graphics Info: Driver file: pdftex.def on input line 91.

("C:\Program Files\MiKTeX 2.9\tex\latex\pdftex-def\pdftex.def"
File: pdftex.def 2011/05/27 v0.06d Graphics/color for pdfTeX
\Gread@gobject=\count97
))
\Gin@req@height=\dimen107
\Gin@req@width=\dimen108
)
("C:\Program Files\MiKTeX 2.9\tex\latex\float\float.sty"
Package: float 2001/11/08 v1.3d Float enhancements (AL)
\c@float@type=\count98
\float@exts=\toks15
\float@box=\box26
\@float@everytoks=\toks16
\@floatcapt=\box27
)
("C:\Program Files\MiKTeX 2.9\tex\latex\caption\caption.sty"
Package: caption 2013/05/02 v3.3-89 Customizing captions (AR)

("C:\Program Files\MiKTeX 2.9\tex\latex\caption\caption3.sty"
Package: caption3 2013/05/02 v1.6-88 caption3 kernel (AR)
Package caption3 Info: TeX engine: e-TeX on input line 57.
\captionmargin=\dimen109
\captionmargin@=\dimen110
\captionwidth=\dimen111
\caption@tempdima=\dimen112
\caption@indent=\dimen113
\caption@parindent=\dimen114
\caption@hangindent=\dimen115
)
\c@ContinuedFloat=\count99
Package caption Info: float package is loaded.
Package caption Info: hyperref package is loaded.
)
("C:\Program Files\MiKTeX 2.9\tex\latex\tools\array.sty"
Package: array 2008/09/09 v2.4c Tabular extension package (FMi)
\col@sep=\dimen116
\extrarowheight=\dimen117
\NC@list=\toks17
\extratabsurround=\skip44
\backup@length=\skip45
)
("C:\Program Files\MiKTeX 2.9\tex\latex\tabu\tabu.sty"
Package: tabu 2011/02/26 v2.8 - flexible LaTeX tabulars (FC)

("C:\Program Files\MiKTeX 2.9\tex\latex\ltxmisc\varwidth.sty"
Package: varwidth 2009/03/30 ver 0.92;  Variable-width minipages
\@vwid@box=\box28
\sift@deathcycles=\count100
\@vwid@loff=\dimen118
\@vwid@roff=\dimen119
)
\c@taburow=\count101
\tabu@nbcols=\count102
\tabu@cnt=\count103
\tabu@Xcol=\count104
\tabu@alloc=\count105
\tabu@nested=\count106
\tabu@target=\dimen120
\tabu@spreadtarget=\dimen121
\tabu@naturalX=\dimen122
\tabucolX=\dimen123
\tabu@Xsum=\dimen124
\extrarowdepth=\dimen125
\abovetabulinesep=\dimen126
\belowtabulinesep=\dimen127
\tabustrutrule=\dimen128
\tabu@thebody=\toks18
\tabu@footnotes=\toks19
\tabu@box=\box29
\tabu@arstrutbox=\box30
\tabu@hleads=\box31
\tabu@vleads=\box32
\tabu@cellskip=\skip46
)
("C:\Users\Lesedi\MainProjectCOS301\Functional Requirements\FunctionalRequireme
nts.aux")
LaTeX Font Info:    Checking defaults for OML/cmm/m/it on input line 10.
LaTeX Font Info:    ... okay on input line 10.
LaTeX Font Info:    Checking defaults for T1/cmr/m/n on input line 10.
LaTeX Font Info:    ... okay on input line 10.
LaTeX Font Info:    Checking defaults for OT1/cmr/m/n on input line 10.
LaTeX Font Info:    ... okay on input line 10.
LaTeX Font Info:    Checking defaults for OMS/cmsy/m/n on input line 10.
LaTeX Font Info:    ... okay on input line 10.
LaTeX Font Info:    Checking defaults for OMX/cmex/m/n on input line 10.
LaTeX Font Info:    ... okay on input line 10.
LaTeX Font Info:    Checking defaults for U/cmr/m/n on input line 10.
LaTeX Font Info:    ... okay on input line 10.
LaTeX Font Info:    Checking defaults for PD1/pdf/m/n on input line 10.
LaTeX Font Info:    ... okay on input line 10.
\AtBeginShipoutBox=\box33
Package hyperref Info: Link coloring OFF on input line 10.
 ("C:\Program Files\MiKTeX 2.9\tex\latex\hyperref\nameref.sty"
Package: nameref 2012/10/27 v2.43 Cross-referencing by name of section

("C:\Program Files\MiKTeX 2.9\tex\generic\oberdiek\gettitlestring.sty"
Package: gettitlestring 2010/12/03 v1.4 Cleanup title references (HO)
)
\c@section@level=\count107
)
LaTeX Info: Redefining \ref on input line 10.
LaTeX Info: Redefining \pageref on input line 10.
LaTeX Info: Redefining \nameref on input line 10.

("C:\Users\Lesedi\MainProjectCOS301\Functional Requirements\FunctionalRequireme
nts.out")
("C:\Users\Lesedi\MainProjectCOS301\Functional Requirements\FunctionalRequireme
nts.out")
\@outlinefile=\write3
 ("C:\Program Files\MiKTeX 2.9\tex\context\base\supp-pdf.mkii"
[Loading MPS to PDF converter (version 2006.09.02).]
\scratchcounter=\count108
\scratchdimen=\dimen129
\scratchbox=\box34
\nofMPsegments=\count109
\nofMParguments=\count110
\everyMPshowfont=\toks20
\MPscratchCnt=\count111
\MPscratchDim=\dimen130
\MPnumerator=\count112
\makeMPintoPDFobject=\count113
\everyMPtoPDFconversion=\toks21
)
Package caption Info: Begin \AtBeginDocument code.
Package caption Info: End \AtBeginDocument code.
LaTeX Font Info:    External font `cmex10' loaded for size
(Font)              <14.4> on input line 29.
LaTeX Font Info:    External font `cmex10' loaded for size
(Font)              <7> on input line 29.
 [1

{C:/ProgramData/MiKTeX/2.9/pdftex/config/pdftex.map}]
("C:\Users\Lesedi\MainProjectCOS301\Functional Requirements\FunctionalRequireme
nts.toc"
LaTeX Font Info:    External font `cmex10' loaded for size
(Font)              <12> on input line 5.
LaTeX Font Info:    External font `cmex10' loaded for size
(Font)              <8> on input line 5.
LaTeX Font Info:    External font `cmex10' loaded for size
(Font)              <6> on input line 5.
)
\tf@toc=\write4
 [2]
Overfull \hbox (65.27823pt too wide) in paragraph at lines 53--63
 [][] 
 []

[3]
Underfull \hbox (badness 10000) in paragraph at lines 80--81

 []


Underfull \hbox (badness 10000) in paragraph at lines 82--83

 []

[4]
Underfull \hbox (badness 10000) in paragraph at lines 88--89

 []

LaTeX Font Info:    Try loading font information for OMS+cmr on input line 96.
("C:\Program Files\MiKTeX 2.9\tex\latex\base\omscmr.fd"
File: omscmr.fd 1999/05/25 v2.5h Standard LaTeX font definitions
)
LaTeX Font Info:    Font shape `OMS/cmr/m/n' in size <12> not available
(Font)              Font shape `OMS/cmsy/m/n' tried instead on input line 96.
 [5] [6]
<../images/CMSUseCase.png, id=184, 801.99625pt x 502.87875pt>
File: ../images/CMSUseCase.png Graphic file (type png)

<use ../images/CMSUseCase.png>
Package pdftex.def Info: ../images/CMSUseCase.png used on input line 146.
(pdftex.def)             Requested size: 390.0pt x 244.54813pt.

<../diagrams/Register/registerUseCase.png, id=185, 822.07124pt x 498.86375pt>
File: ../diagrams/Register/registerUseCase.png Graphic file (type png)

<use ../diagrams/Register/registerUseCase.png>
Package pdftex.def Info: ../diagrams/Register/registerUseCase.png used on input
 line 155.
(pdftex.def)             Requested size: 390.0pt x 236.66588pt.
 [7 <C:/Users/Lesedi/MainProjectCOS301/images/CMSUseCase.png>]
<../diagrams/Register/ActivityDiagrams/setEmail1.png, id=192, 822.07124pt x 498
.86375pt>
File: ../diagrams/Register/ActivityDiagrams/setEmail1.png Graphic file (type pn
g)
 <use ../diagrams/Register/ActivityDiagrams/setEmail1.png>
Package pdftex.def Info: ../diagrams/Register/ActivityDiagrams/setEmail1.png us
ed on input line 162.
(pdftex.def)             Requested size: 390.0pt x 236.66588pt.

<../diagrams/Register/ServiceContractsRegister/setEmailServiceContract.png, id=
193, 822.07124pt x 565.11125pt>
File: ../diagrams/Register/ServiceContractsRegister/setEmailServiceContract.png
 Graphic file (type png)

<use ../diagrams/Register/ServiceContractsRegister/setEmailServiceContract.png>
Package pdftex.def Info: ../diagrams/Register/ServiceContractsRegister/setEmail
ServiceContract.png used on input line 167.
(pdftex.def)             Requested size: 390.0pt x 268.09433pt.
[8 <C:/Users/Lesedi/MainProjectCOS301/diagrams/Register/registerUseCase.png (PN
G copy)>]
<../diagrams/Register/ActivityDiagrams/setPassword1.png, id=199, 836.12375pt x 
498.86375pt>
File: ../diagrams/Register/ActivityDiagrams/setPassword1.png Graphic file (type
 png)
 <use ../diagrams/Register/ActivityDiagrams/setPassword1.png>
Package pdftex.def Info: ../diagrams/Register/ActivityDiagrams/setPassword1.png
 used on input line 175.
(pdftex.def)             Requested size: 390.0pt x 232.69238pt.

[9 <C:/Users/Lesedi/MainProjectCOS301/diagrams/Register/ActivityDiagrams/setEma
il1.png (PNG copy)> <C:/Users/Lesedi/MainProjectCOS301/diagrams/Register/Servic
eContractsRegister/setEmailServiceContract.png (PNG copy)>]
<../diagrams/Register/ServiceContractsRegister/changePasswordServiceContract.pn
g, id=206, 955.57pt x 514.92375pt>
File: ../diagrams/Register/ServiceContractsRegister/changePasswordServiceContra
ct.png Graphic file (type png)

<use ../diagrams/Register/ServiceContractsRegister/changePasswordServiceContrac
t.png>
Package pdftex.def Info: ../diagrams/Register/ServiceContractsRegister/changePa
sswordServiceContract.png used on input line 180.
(pdftex.def)             Requested size: 390.0pt x 210.15367pt.
 [10 <C:/Users/Lesedi/MainProjectCOS301/diagrams/Register/ActivityDiagrams/setP
assword1.png (PNG copy)>]
<../diagrams/Register/ServiceContractsRegister/setLimit.png, id=212, 955.57pt x
 514.92375pt>
File: ../diagrams/Register/ServiceContractsRegister/setLimit.png Graphic file (
type png)
 <use ../diagrams/Register/ServiceContractsRegister/setLimit.png>
Package pdftex.def Info: ../diagrams/Register/ServiceContractsRegister/setLimit
.png used on input line 188.
(pdftex.def)             Requested size: 390.0pt x 210.15367pt.

<../diagrams/Register/ActivityDiagrams/setEmployeeID1.png, id=213, 822.07124pt 
x 498.86375pt>
File: ../diagrams/Register/ActivityDiagrams/setEmployeeID1.png Graphic file (ty
pe png)
 <use ../diagrams/Register/ActivityDiagrams/setEmployeeID1.png>
Package pdftex.def Info: ../diagrams/Register/ActivityDiagrams/setEmployeeID1.p
ng used on input line 196.
(pdftex.def)             Requested size: 390.0pt x 236.66588pt.

[11 <C:/Users/Lesedi/MainProjectCOS301/diagrams/Register/ServiceContractsRegist
er/changePasswordServiceContract.png (PNG copy)> <C:/Users/Lesedi/MainProjectCO
S301/diagrams/Register/ServiceContractsRegister/setLimit.png (PNG copy)>]
<../diagrams/Register/ServiceContractsRegister/setEmployeeIDServiceContract.png
, id=220, 955.57pt x 514.92375pt>
File: ../diagrams/Register/ServiceContractsRegister/setEmployeeIDServiceContrac
t.png Graphic file (type png)

<use ../diagrams/Register/ServiceContractsRegister/setEmployeeIDServiceContract
.png>
Package pdftex.def Info: ../diagrams/Register/ServiceContractsRegister/setEmplo
yeeIDServiceContract.png used on input line 201.
(pdftex.def)             Requested size: 390.0pt x 210.15367pt.
 [12 <C:/Users/Lesedi/MainProjectCOS301/diagrams/Register/ActivityDiagrams/setE
mployeeID1.png (PNG copy)>]
<../diagrams/Register/ActivityDiagrams/setFinancialPreferences1.png, id=226, 82
2.07124pt x 498.86375pt>
File: ../diagrams/Register/ActivityDiagrams/setFinancialPreferences1.png Graphi
c file (type png)

<use ../diagrams/Register/ActivityDiagrams/setFinancialPreferences1.png>
Package pdftex.def Info: ../diagrams/Register/ActivityDiagrams/setFinancialPref
erences1.png used on input line 209.
(pdftex.def)             Requested size: 390.0pt x 236.66588pt.

<../diagrams/Register/ServiceContractsRegister/setFinancialPreferencesServiceCo
ntract.png, id=227, 918.43124pt x 514.92375pt>
File: ../diagrams/Register/ServiceContractsRegister/setFinancialPreferencesServ
iceContract.png Graphic file (type png)

<use ../diagrams/Register/ServiceContractsRegister/setFinancialPreferencesServi
ceContract.png>
Package pdftex.def Info: ../diagrams/Register/ServiceContractsRegister/setFinan
cialPreferencesServiceContract.png used on input line 214.
(pdftex.def)             Requested size: 390.0pt x 218.65504pt.
 [13 <C:/Users/Lesedi/MainProjectCOS301/diagrams/Register/ServiceContractsRegis
ter/setEmployeeIDServiceContract.png (PNG copy)>]
<../images/AuthenticationUseCaseDiagram.png, id=234, 985.6825pt x 738.76pt>
File: ../images/AuthenticationUseCaseDiagram.png Graphic file (type png)

<use ../images/AuthenticationUseCaseDiagram.png>
Package pdftex.def Info: ../images/AuthenticationUseCaseDiagram.png used on inp
ut line 222.
(pdftex.def)             Requested size: 390.0pt x 292.29735pt.
 [14 <C:/Users/Lesedi/MainProjectCOS301/diagrams/Register/ActivityDiagrams/setF
inancialPreferences1.png (PNG copy)> <C:/Users/Lesedi/MainProjectCOS301/diagram
s/Register/ServiceContractsRegister/setFinancialPreferencesServiceContract.png 
(PNG copy)>]
<../images/ForgotPassword.jpg, id=241, 539.01375pt x 520.94624pt>
File: ../images/ForgotPassword.jpg Graphic file (type jpg)

<use ../images/ForgotPassword.jpg>
Package pdftex.def Info: ../images/ForgotPassword.jpg used on input line 230.
(pdftex.def)             Requested size: 390.0pt x 376.93312pt.

<../images/ForgotPassword.png, id=242, 985.6825pt x 738.76pt>
File: ../images/ForgotPassword.png Graphic file (type png)

<use ../images/ForgotPassword.png>
Package pdftex.def Info: ../images/ForgotPassword.png used on input line 235.
(pdftex.def)             Requested size: 390.0pt x 292.29735pt.
 [15 <C:/Users/Lesedi/MainProjectCOS301/images/AuthenticationUseCaseDiagram.png
 (PNG copy)>] [16 <C:/Users/Lesedi/MainProjectCOS301/images/ForgotPassword.jpg>
]
<../images/ValidateUserPass.jpg, id=253, 550.055pt x 553.06625pt>
File: ../images/ValidateUserPass.jpg Graphic file (type jpg)

<use ../images/ValidateUserPass.jpg>
Package pdftex.def Info: ../images/ValidateUserPass.jpg used on input line 243.

(pdftex.def)             Requested size: 390.0pt x 392.14812pt.

<../images/validateUserCredentials.png, id=254, 1009.7725pt x 710.655pt>
File: ../images/validateUserCredentials.png Graphic file (type png)

<use ../images/validateUserCredentials.png>
Package pdftex.def Info: ../images/validateUserCredentials.png used on input li
ne 248.
(pdftex.def)             Requested size: 390.0pt x 274.47594pt.
 [17 <C:/Users/Lesedi/MainProjectCOS301/images/ForgotPassword.png (PNG copy)>] 
[18 <C:/Users/Lesedi/MainProjectCOS301/images/ValidateUserPass.jpg>]
<../images/placeOrder.png, id=265, 839.135pt x 499.8675pt>
File: ../images/placeOrder.png Graphic file (type png)

<use ../images/placeOrder.png>
Package pdftex.def Info: ../images/placeOrder.png used on input line 256.
(pdftex.def)             Requested size: 390.0pt x 232.32156pt.
 [19 <C:/Users/Lesedi/MainProjectCOS301/images/validateUserCredentials.png (PNG
 copy)>]
<../images/checkProductAvailability.png, id=272, 839.135pt x 499.8675pt>
File: ../images/checkProductAvailability.png Graphic file (type png)

<use ../images/checkProductAvailability.png>
Package pdftex.def Info: ../images/checkProductAvailability.png used on input l
ine 264.
(pdftex.def)             Requested size: 390.0pt x 232.32156pt.
 [20 <C:/Users/Lesedi/MainProjectCOS301/images/placeOrder.png (PNG copy)>]
<../images/checkProductAvailabilitySC.jpg, id=278, 975.645pt x 557.08125pt>
File: ../images/checkProductAvailabilitySC.jpg Graphic file (type jpg)

<use ../images/checkProductAvailabilitySC.jpg>
Package pdftex.def Info: ../images/checkProductAvailabilitySC.jpg used on input
 line 270.
(pdftex.def)             Requested size: 390.0pt x 222.68405pt.

<../images/checkLimit.png, id=279, 839.135pt x 499.8675pt>
File: ../images/checkLimit.png Graphic file (type png)

<use ../images/checkLimit.png>
Package pdftex.def Info: ../images/checkLimit.png used on input line 278.
(pdftex.def)             Requested size: 390.0pt x 232.32156pt.
 [21 <C:/Users/Lesedi/MainProjectCOS301/images/checkProductAvailability.png (PN
G copy)> <C:/Users/Lesedi/MainProjectCOS301/images/checkProductAvailabilitySC.j
pg>]
<../images/checkLimitsSC.jpg, id=286, 854.19125pt x 557.08125pt>
File: ../images/checkLimitsSC.jpg Graphic file (type jpg)

<use ../images/checkLimitsSC.jpg>
Package pdftex.def Info: ../images/checkLimitsSC.jpg used on input line 284.
(pdftex.def)             Requested size: 390.0pt x 254.3479pt.
 [22 <C:/Users/Lesedi/MainProjectCOS301/images/checkLimit.png (PNG copy)>]
<../images/manageProfile.png, id=292, 849.1725pt x 531.9875pt>
File: ../images/manageProfile.png Graphic file (type png)

<use ../images/manageProfile.png>
Package pdftex.def Info: ../images/manageProfile.png used on input line 293.
(pdftex.def)             Requested size: 390.0pt x 244.32758pt.
 [23 <C:/Users/Lesedi/MainProjectCOS301/images/checkLimitsSC.jpg>]
<../Diagrams/ManageProfile/ActivityDiagrams/setFinancialPreferences1.png, id=29
8, 822.07124pt x 498.86375pt>
File: ../Diagrams/ManageProfile/ActivityDiagrams/setFinancialPreferences1.png G
raphic file (type png)

<use ../Diagrams/ManageProfile/ActivityDiagrams/setFinancialPreferences1.png>
Package pdftex.def Info: ../Diagrams/ManageProfile/ActivityDiagrams/setFinancia
lPreferences1.png used on input line 301.
(pdftex.def)             Requested size: 390.0pt x 236.66588pt.

[24 <C:/Users/Lesedi/MainProjectCOS301/images/manageProfile.png (PNG copy)>]
<../Diagrams/ManageProfile/serviceContracts/changeFinancialPreferencesServiceCo
ntract.png, id=304, 955.57pt x 514.92375pt>
File: ../Diagrams/ManageProfile/serviceContracts/changeFinancialPreferencesServ
iceContract.png Graphic file (type png)

<use ../Diagrams/ManageProfile/serviceContracts/changeFinancialPreferencesServi
ceContract.png>
Package pdftex.def Info: ../Diagrams/ManageProfile/serviceContracts/changeFinan
cialPreferencesServiceContract.png used on input line 307.
(pdftex.def)             Requested size: 390.0pt x 210.15367pt.

<../Diagrams/ManageProfile/ActivityDiagrams/setPassword1.png, id=305, 836.12375
pt x 498.86375pt>
File: ../Diagrams/ManageProfile/ActivityDiagrams/setPassword1.png Graphic file 
(type png)

<use ../Diagrams/ManageProfile/ActivityDiagrams/setPassword1.png>
Package pdftex.def Info: ../Diagrams/ManageProfile/ActivityDiagrams/setPassword
1.png used on input line 315.
(pdftex.def)             Requested size: 390.0pt x 232.69238pt.

Overfull \hbox (23.74387pt too wide) in paragraph at lines 312--317
\OT1/cmr/m/n/12 The ser-vice con-tract and ac-tiv-ity di-a-gram for changePass-
word fol-low. changePass-
 []

[25 <C:/Users/Lesedi/MainProjectCOS301/Diagrams/ManageProfile/ActivityDiagrams/
setFinancialPreferences1.png (PNG copy)> <C:/Users/Lesedi/MainProjectCOS301/Dia
grams/ManageProfile/serviceContracts/changeFinancialPreferencesServiceContract.
png (PNG copy)>]
<../Diagrams/ManageProfile/serviceContracts/changePasswordServiceContract.png, 
id=314, 955.57pt x 514.92375pt>
File: ../Diagrams/ManageProfile/serviceContracts/changePasswordServiceContract.
png Graphic file (type png)

<use ../Diagrams/ManageProfile/serviceContracts/changePasswordServiceContract.p
ng>
Package pdftex.def Info: ../Diagrams/ManageProfile/serviceContracts/changePassw
ordServiceContract.png used on input line 321.
(pdftex.def)             Requested size: 390.0pt x 210.15367pt.

<../Diagrams/ManageProfile/ActivityDiagrams/setEmail1.png, id=315, 822.07124pt 
x 498.86375pt>
File: ../Diagrams/ManageProfile/ActivityDiagrams/setEmail1.png Graphic file (ty
pe png)
 <use ../Diagrams/ManageProfile/ActivityDiagrams/setEmail1.png>
Package pdftex.def Info: ../Diagrams/ManageProfile/ActivityDiagrams/setEmail1.p
ng used on input line 329.
(pdftex.def)             Requested size: 390.0pt x 236.66588pt.

Overfull \hbox (9.44818pt too wide) in paragraph at lines 326--331
\OT1/cmr/m/n/12 The ser-vice con-tract and ac-tiv-ity di-a-gram for changeEmail
 fol-low. changeEmail
 []

[26 <C:/Users/Lesedi/MainProjectCOS301/Diagrams/ManageProfile/ActivityDiagrams/
setPassword1.png (PNG copy)> <C:/Users/Lesedi/MainProjectCOS301/Diagrams/Manage
Profile/serviceContracts/changePasswordServiceContract.png (PNG copy)>]
<../Diagrams/ManageProfile/serviceContracts/changeEmailServiceContract.png, id=
322, 918.43124pt x 514.92375pt>
File: ../Diagrams/ManageProfile/serviceContracts/changeEmailServiceContract.png
 Graphic file (type png)

<use ../Diagrams/ManageProfile/serviceContracts/changeEmailServiceContract.png>
Package pdftex.def Info: ../Diagrams/ManageProfile/serviceContracts/changeEmail
ServiceContract.png used on input line 335.
(pdftex.def)             Requested size: 390.0pt x 218.65504pt.
[27 <C:/Users/Lesedi/MainProjectCOS301/Diagrams/ManageProfile/ActivityDiagrams/
setEmail1.png (PNG copy)>]
<../Diagrams/ManageProfile/ActivityDiagrams/setLimit.png, id=329, 822.07124pt x
 498.86375pt>
File: ../Diagrams/ManageProfile/ActivityDiagrams/setLimit.png Graphic file (typ
e png)
 <use ../Diagrams/ManageProfile/ActivityDiagrams/setLimit.png>
Package pdftex.def Info: ../Diagrams/ManageProfile/ActivityDiagrams/setLimit.pn
g used on input line 343.
(pdftex.def)             Requested size: 390.0pt x 236.66588pt.

[28 <C:/Users/Lesedi/MainProjectCOS301/Diagrams/ManageProfile/serviceContracts/
changeEmailServiceContract.png (PNG copy)>]
<../Diagrams/ManageProfile/serviceContracts/changeLimitServiceContract.png, id=
336, 955.57pt x 514.92375pt>
File: ../Diagrams/ManageProfile/serviceContracts/changeLimitServiceContract.png
 Graphic file (type png)

<use ../Diagrams/ManageProfile/serviceContracts/changeLimitServiceContract.png>
Package pdftex.def Info: ../Diagrams/ManageProfile/serviceContracts/changeLimit
ServiceContract.png used on input line 349.
(pdftex.def)             Requested size: 390.0pt x 210.15367pt.
Package atveryend Info: Empty hook `BeforeClearDocument' on input line 356.
[29 <C:/Users/Lesedi/MainProjectCOS301/Diagrams/ManageProfile/ActivityDiagrams/
setLimit.png (PNG copy)> <C:/Users/Lesedi/MainProjectCOS301/Diagrams/ManageProf
ile/serviceContracts/changeLimitServiceContract.png (PNG copy)>] [30]
Package atveryend Info: Empty hook `AfterLastShipout' on input line 356.

("C:\Users\Lesedi\MainProjectCOS301\Functional Requirements\FunctionalRequireme
nts.aux")
Package atveryend Info: Executing hook `AtVeryEndDocument' on input line 356.
Package atveryend Info: Executing hook `AtEndAfterFileList' on input line 356.


Package rerunfilecheck Warning: File `FunctionalRequirements.out' has changed.
(rerunfilecheck)                Rerun to get outlines right
(rerunfilecheck)                or use package `bookmark'.

Package rerunfilecheck Info: Checksums for `FunctionalRequirements.out':
(rerunfilecheck)             Before: 5F90D560127CAB6EC9D6672ED6EA9B17;2080
(rerunfilecheck)             After:  56D01E9550D81E647974546B1EC99692;2024.
Package atveryend Info: Empty hook `AtVeryVeryEnd' on input line 356.
 ) 
Here is how much of TeX's memory you used:
 7074 strings out of 493921
 113449 string characters out of 3147279
 188063 words of memory out of 3000000
 10216 multiletter control sequences out of 15000+200000
 9107 words of font info for 32 fonts, out of 3000000 for 9000
 841 hyphenation exceptions out of 8191
 36i,13n,38p,669b,407s stack positions out of 5000i,500n,10000p,200000b,50000s
pdfTeX warning (dest): name{subsubsection.5.6.3} has been referenced but does
 not exist, replaced by a fixed one

pdfTeX warning (dest): name{subsubsection.5.6.2} has been referenced but does n
ot exist, replaced by a fixed one

pdfTeX warning (dest): name{subsubsection.5.6.1} has been referenced but does n
ot exist, replaced by a fixed one

pdfTeX warning (dest): name{subsection.5.6} has been referenced but does not ex
ist, replaced by a fixed one

<C:/Program Files/MiKTeX 2.9/fonts/type1/public/amsfonts/cm/cmbx12.pfb><C:/Prog
ram Files/MiKTeX 2.9/fonts/type1/public/amsfonts/cm/cmr12.pfb><C:/Program Files
/MiKTeX 2.9/fonts/type1/public/amsfonts/cm/cmr17.pfb><C:/Program Files/MiKTeX 2
.9/fonts/type1/public/amsfonts/cm/cmsy10.pfb>
Output written on FunctionalRequirements.pdf (30 pages, 962075 bytes).
PDF statistics:
 383 PDF objects out of 1000 (max. 8388607)
 96 named destinations out of 1000 (max. 500000)
 391 words of extra memory for PDF output out of 10000 (max. 10000000)

