This is pdfTeX, Version 3.1415926-2.5-1.40.14 (TeX Live 2013/Debian) (format=latex 2015.4.23)  26 MAY 2015 22:57
entering extended mode
 restricted \write18 enabled.
 %&-line parsing enabled.
**FunctionalRequirements.tex
(./FunctionalRequirements.tex
LaTeX2e <2011/06/27>
Babel <3.9h> and hyphenation patterns for 2 languages loaded.
(/usr/share/texlive/texmf-dist/tex/latex/base/article.cls
Document Class: article 2007/10/19 v1.4h Standard LaTeX document class
(/usr/share/texlive/texmf-dist/tex/latex/base/size12.clo
File: size12.clo 2007/10/19 v1.4h Standard LaTeX file (size option)
)
\c@part=\count79
\c@section=\count80
\c@subsection=\count81
\c@subsubsection=\count82
\c@paragraph=\count83
\c@subparagraph=\count84
\c@figure=\count85
\c@table=\count86
\abovecaptionskip=\skip41
\belowcaptionskip=\skip42
\bibindent=\dimen102
)
(./FunctionalRequirements.aux)
\openout1 = `FunctionalRequirements.aux'.

LaTeX Font Info:    Checking defaults for OML/cmm/m/it on input line 18.
LaTeX Font Info:    ... okay on input line 18.
LaTeX Font Info:    Checking defaults for T1/cmr/m/n on input line 18.
LaTeX Font Info:    ... okay on input line 18.
LaTeX Font Info:    Checking defaults for OT1/cmr/m/n on input line 18.
LaTeX Font Info:    ... okay on input line 18.
LaTeX Font Info:    Checking defaults for OMS/cmsy/m/n on input line 18.
LaTeX Font Info:    ... okay on input line 18.
LaTeX Font Info:    Checking defaults for OMX/cmex/m/n on input line 18.
LaTeX Font Info:    ... okay on input line 18.
LaTeX Font Info:    Checking defaults for U/cmr/m/n on input line 18.
LaTeX Font Info:    ... okay on input line 18.
LaTeX Font Info:    External font `cmex10' loaded for size
(Font)              <14.4> on input line 19.
LaTeX Font Info:    External font `cmex10' loaded for size
(Font)              <7> on input line 19.
 [1

] (./FunctionalRequirements.toc)
\tf@toc=\write3
\openout3 = `FunctionalRequirements.toc'.

 [2]
Underfull \hbox (badness 10000) in paragraph at lines 38--39

 []

[3]
Underfull \hbox (badness 10000) in paragraph at lines 40--41

 []


Underfull \hbox (badness 10000) in paragraph at lines 57--58

 []

[4] [5]
LaTeX Font Info:    Try loading font information for OMS+cmr on input line 84.
 (/usr/share/texlive/texmf-dist/tex/latex/base/omscmr.fd
File: omscmr.fd 1999/05/25 v2.5h Standard LaTeX font definitions
)
LaTeX Font Info:    Font shape `OMS/cmr/m/n' in size <12> not available
(Font)              Font shape `OMS/cmsy/m/n' tried instead on input line 84.
 [6] [7]
[8]
Overfull \hbox (6.55782pt too wide) in paragraph at lines 154--154
[]\OT1/cmr/bx/n/17.28 Functiona Re-quire-ments and Apli-ca-tion De-
 []

[9] [10] [11]

! LaTeX Error: There's no line here to end.

See the LaTeX manual or LaTeX Companion for explanation.
Type  H <return>  for immediate help.
 ...                                              
                                                  
l.220 \\O
         nce the user has selected items to be purchased, the system needs t...

? 
! Emergency stop.
 ...                                              
                                                  
l.220 \\O
         nce the user has selected items to be purchased, the system needs t...

Your command was ignored.
Type  I <command> <return>  to replace it with another command,
or  <return>  to continue without it.

 
Here is how much of TeX's memory you used:
 237 strings out of 495029
 2950 string characters out of 6181523
 51160 words of memory out of 5000000
 3525 multiletter control sequences out of 15000+600000
 6926 words of font info for 25 fonts, out of 8000000 for 9000
 14 hyphenation exceptions out of 8191
 22i,9n,19p,1013b,199s stack positions out of 5000i,500n,10000p,200000b,80000s
Output written on FunctionalRequirements.dvi (11 pages, 24528 bytes).
