0 info it worked if it ends with ok
1 verbose cli [ 'C:\\Program Files\\nodejs\\\\node.exe',
1 verbose cli   'C:\\Program Files\\nodejs\\node_modules\\npm\\bin\\npm-cli.js',
1 verbose cli   'install',
1 verbose cli   '-g',
1 verbose cli   'bower',
1 verbose cli   '--save' ]
2 info using npm@2.11.2
3 info using node@v0.12.5
4 verbose install initial load of C:\Users\Isabel\AppData\Roaming\npm\package.json
5 verbose readDependencies loading dependencies from C:\Users\Isabel\AppData\Roaming\npm\package.json
6 silly cache add args [ 'bower', null ]
7 verbose cache add spec bower
8 silly cache add parsed spec { raw: 'bower',
8 silly cache add   scope: null,
8 silly cache add   name: 'bower',
8 silly cache add   rawSpec: '',
8 silly cache add   spec: '*',
8 silly cache add   type: 'range' }
9 silly addNamed bower@*
10 verbose addNamed "*" is a valid semver range for bower
11 silly addNameRange { name: 'bower', range: '*', hasData: false }
12 silly mapToRegistry name bower
13 silly mapToRegistry using default registry
14 silly mapToRegistry registry https://registry.npmjs.org/
15 silly mapToRegistry uri https://registry.npmjs.org/bower
16 verbose addNameRange registry:https://registry.npmjs.org/bower not in flight; fetching
17 verbose request uri https://registry.npmjs.org/bower
18 verbose request no auth needed
19 info attempt registry request try #1 at 7:33:06 PM
20 verbose request id 31a2c068bf253282
21 verbose etag "3F7G5WBDIYXY0GU096GPC4SHC"
22 http request GET https://registry.npmjs.org/bower
23 http 200 https://registry.npmjs.org/bower
24 silly get cb [ 200,
24 silly get   { server: 'CouchDB/1.5.0 (Erlang OTP/R16B03)',
24 silly get     etag: '"5X5PKHW8PK765TKO25YLKGRZ3"',
24 silly get     'content-type': 'application/json',
24 silly get     'cache-control': 'max-age=60',
24 silly get     'content-length': '120171',
24 silly get     'accept-ranges': 'bytes',
24 silly get     date: 'Sun, 06 Sep 2015 17:33:04 GMT',
24 silly get     via: '1.1 varnish',
24 silly get     age: '26',
24 silly get     connection: 'keep-alive',
24 silly get     'x-served-by': 'cache-lhr6327-LHR',
24 silly get     'x-cache': 'HIT',
24 silly get     'x-cache-hits': '1',
24 silly get     'x-timer': 'S1441560784.648758,VS0,VE3',
24 silly get     vary: 'Accept' } ]
25 verbose get saving bower to C:\Users\Isabel\AppData\Roaming\npm-cache\registry.npmjs.org\bower\.cache.json
26 silly addNameRange number 2 { name: 'bower', range: '*', hasData: true }
27 silly addNameRange versions [ 'bower',
27 silly addNameRange   [ '0.1.0',
27 silly addNameRange     '0.1.2',
27 silly addNameRange     '0.1.3',
27 silly addNameRange     '0.2.0',
27 silly addNameRange     '0.3.0',
27 silly addNameRange     '0.3.1',
27 silly addNameRange     '0.3.2',
27 silly addNameRange     '0.4.0',
27 silly addNameRange     '0.5.0',
27 silly addNameRange     '0.5.1',
27 silly addNameRange     '0.6.0',
27 silly addNameRange     '0.6.1',
27 silly addNameRange     '0.6.2',
27 silly addNameRange     '0.6.3',
27 silly addNameRange     '0.6.4',
27 silly addNameRange     '0.6.5',
27 silly addNameRange     '0.6.6',
27 silly addNameRange     '0.6.7',
27 silly addNameRange     '0.6.8',
27 silly addNameRange     '0.7.0',
27 silly addNameRange     '0.7.1',
27 silly addNameRange     '0.8.0',
27 silly addNameRange     '0.8.1',
27 silly addNameRange     '0.8.2',
27 silly addNameRange     '0.8.3',
27 silly addNameRange     '0.8.4',
27 silly addNameRange     '0.8.5',
27 silly addNameRange     '0.8.6',
27 silly addNameRange     '0.9.0',
27 silly addNameRange     '0.9.1',
27 silly addNameRange     '0.9.2',
27 silly addNameRange     '0.10.0',
27 silly addNameRange     '1.0.0',
27 silly addNameRange     '1.0.1',
27 silly addNameRange     '1.0.2',
27 silly addNameRange     '1.0.3',
27 silly addNameRange     '1.1.0',
27 silly addNameRange     '1.1.1',
27 silly addNameRange     '1.1.2',
27 silly addNameRange     '1.2.0',
27 silly addNameRange     '1.2.1',
27 silly addNameRange     '1.2.2',
27 silly addNameRange     '1.2.3',
27 silly addNameRange     '1.2.4',
27 silly addNameRange     '1.2.5',
27 silly addNameRange     '1.2.6',
27 silly addNameRange     '1.2.7',
27 silly addNameRange     '1.2.8',
27 silly addNameRange     '1.3.0',
27 silly addNameRange     '1.3.1',
27 silly addNameRange     '1.3.2',
27 silly addNameRange     '1.3.3',
27 silly addNameRange     '1.3.4',
27 silly addNameRange     '1.3.5',
27 silly addNameRange     '1.3.6',
27 silly addNameRange     '1.3.7',
27 silly addNameRange     '1.3.8',
27 silly addNameRange     '1.3.9',
27 silly addNameRange     '1.3.10',
27 silly addNameRange     '1.3.11',
27 silly addNameRange     '1.3.12',
27 silly addNameRange     '1.4.0',
27 silly addNameRange     '1.4.1',
27 silly addNameRange     '1.5.0',
27 silly addNameRange     '1.5.1',
27 silly addNameRange     '1.5.2' ] ]
28 silly addNamed bower@1.5.2
29 verbose addNamed "1.5.2" is a plain semver version for bower
30 silly mapToRegistry name bower
31 silly mapToRegistry using default registry
32 silly mapToRegistry registry https://registry.npmjs.org/
33 silly mapToRegistry uri https://registry.npmjs.org/bower
34 verbose addRemoteTarball https://registry.npmjs.org/bower/-/bower-1.5.2.tgz not in flight; adding
35 verbose addRemoteTarball [ 'https://registry.npmjs.org/bower/-/bower-1.5.2.tgz',
35 verbose addRemoteTarball   'be291d6c36f1740779abff1c61aca5633e265327' ]
36 info retry fetch attempt 1 at 7:33:36 PM
37 info attempt registry request try #1 at 7:33:36 PM
38 http fetch GET https://registry.npmjs.org/bower/-/bower-1.5.2.tgz
39 http fetch 200 https://registry.npmjs.org/bower/-/bower-1.5.2.tgz
40 silly fetchAndShaCheck shasum be291d6c36f1740779abff1c61aca5633e265327
41 verbose addTmpTarball C:\Users\Isabel\AppData\Local\Temp\npm-840-09624729\registry.npmjs.org\bower\-\bower-1.5.2.tgz not in flight; adding
42 verbose addTmpTarball already have metadata; skipping unpack for bower@1.5.2
43 silly cache afterAdd bower@1.5.2
44 verbose afterAdd C:\Users\Isabel\AppData\Roaming\npm-cache\bower\1.5.2\package\package.json not in flight; writing
45 verbose afterAdd C:\Users\Isabel\AppData\Roaming\npm-cache\bower\1.5.2\package\package.json written
46 silly install resolved [ { name: 'bower',
46 silly install resolved     version: '1.5.2',
46 silly install resolved     description: 'The browser package manager',
46 silly install resolved     author: { name: 'Twitter' },
46 silly install resolved     license: 'MIT',
46 silly install resolved     repository: { type: 'git', url: 'git+https://github.com/bower/bower.git' },
46 silly install resolved     main: 'lib',
46 silly install resolved     homepage: 'http://bower.io',
46 silly install resolved     engines: { node: '>=0.10.0' },
46 silly install resolved     dependencies:
46 silly install resolved      { abbrev: '^1.0.5',
46 silly install resolved        archy: '1.0.0',
46 silly install resolved        'bower-config': '^0.6.1',
46 silly install resolved        'bower-endpoint-parser': '^0.2.2',
46 silly install resolved        'bower-json': '^0.4.0',
46 silly install resolved        'bower-logger': '^0.2.2',
46 silly install resolved        'bower-registry-client': '^0.3.0',
46 silly install resolved        cardinal: '0.4.4',
46 silly install resolved        chalk: '^1.0.0',
46 silly install resolved        chmodr: '0.1.0',
46 silly install resolved        configstore: '^0.3.2',
46 silly install resolved        'decompress-zip': '^0.1.0',
46 silly install resolved        'deep-sort-object': '~0.1.1',
46 silly install resolved        fstream: '^1.0.3',
46 silly install resolved        'fstream-ignore': '^1.0.2',
46 silly install resolved        github: '^0.2.3',
46 silly install resolved        glob: '^4.3.2',
46 silly install resolved        'graceful-fs': '^3.0.5',
46 silly install resolved        handlebars: '^2.0.0',
46 silly install resolved        inquirer: '0.8.0',
46 silly install resolved        insight: '^0.5.0',
46 silly install resolved        'is-root': '^1.0.0',
46 silly install resolved        junk: '^1.0.0',
46 silly install resolved        lockfile: '^1.0.0',
46 silly install resolved        'lru-cache': '^2.5.0',
46 silly install resolved        mkdirp: '0.5.0',
46 silly install resolved        mout: '^0.11.0',
46 silly install resolved        nopt: '^3.0.1',
46 silly install resolved        opn: '^1.0.1',
46 silly install resolved        'p-throttler': '0.1.1',
46 silly install resolved        promptly: '0.2.0',
46 silly install resolved        q: '^1.1.2',
46 silly install resolved        request: '2.53.0',
46 silly install resolved        'request-progress': '0.3.1',
46 silly install resolved        retry: '0.6.1',
46 silly install resolved        rimraf: '^2.2.8',
46 silly install resolved        semver: '^2.3.0',
46 silly install resolved        'shell-quote': '^1.4.2',
46 silly install resolved        'stringify-object': '^1.0.0',
46 silly install resolved        'tar-fs': '^1.4.1',
46 silly install resolved        tmp: '0.0.24',
46 silly install resolved        'update-notifier': '^0.3.0',
46 silly install resolved        'user-home': '^1.1.0',
46 silly install resolved        which: '^1.0.8' },
46 silly install resolved     devDependencies:
46 silly install resolved      { chai: '^1.10.0',
46 silly install resolved        coveralls: '^2.11.2',
46 silly install resolved        'expect.js': '^0.3.1',
46 silly install resolved        grunt: '^0.4.5',
46 silly install resolved        'grunt-cli': '^0.1.13',
46 silly install resolved        'grunt-contrib-jshint': '^0.10.0',
46 silly install resolved        'grunt-contrib-watch': '^0.6.1',
46 silly install resolved        'grunt-exec': '^0.4.6',
46 silly install resolved        'grunt-simple-mocha': '^0.4.0',
46 silly install resolved        istanbul: '^0.3.5',
46 silly install resolved        'load-grunt-tasks': '^2.0.0',
46 silly install resolved        mocha: '^2.1.0',
46 silly install resolved        multiline: '^1.0.2',
46 silly install resolved        nock: '^0.56.0',
46 silly install resolved        'node-uuid': '^1.4.2',
46 silly install resolved        proxyquire: '^1.3.0',
46 silly install resolved        'spawn-sync': '^1.0.5' },
46 silly install resolved     scripts: { test: 'grunt test' },
46 silly install resolved     bin: { bower: 'bin/bower' },
46 silly install resolved     files: [ 'bin', 'lib', 'templates' ],
46 silly install resolved     gitHead: '64d990ba102c8491c474dd99605b9a9725e62cbb',
46 silly install resolved     bugs: { url: 'https://github.com/bower/bower/issues' },
46 silly install resolved     _id: 'bower@1.5.2',
46 silly install resolved     _shasum: 'be291d6c36f1740779abff1c61aca5633e265327',
46 silly install resolved     _from: 'bower@*',
46 silly install resolved     _npmVersion: '2.11.3',
46 silly install resolved     _nodeVersion: '0.12.7',
46 silly install resolved     _npmUser: { name: 'sheerun', email: 'sheerun@sher.pl' },
46 silly install resolved     dist:
46 silly install resolved      { shasum: 'be291d6c36f1740779abff1c61aca5633e265327',
46 silly install resolved        tarball: 'http://registry.npmjs.org/bower/-/bower-1.5.2.tgz' },
46 silly install resolved     maintainers: [ [Object], [Object], [Object], [Object], [Object], [Object] ],
46 silly install resolved     directories: {},
46 silly install resolved     _resolved: 'https://registry.npmjs.org/bower/-/bower-1.5.2.tgz' } ]
47 info install bower@1.5.2 into C:\Users\Isabel\AppData\Roaming\npm
48 info installOne bower@1.5.2
49 verbose installOne of bower to C:\Users\Isabel\AppData\Roaming\npm not in flight; installing
50 verbose lock using C:\Users\Isabel\AppData\Roaming\npm-cache\_locks\bower-95017d2e671ad9cf.lock for C:\Users\Isabel\AppData\Roaming\npm\node_modules\bower
51 silly install write writing bower 1.5.2 to C:\Users\Isabel\AppData\Roaming\npm\node_modules\bower
52 verbose unbuild node_modules\bower
53 info preuninstall bower@1.4.1
54 info uninstall bower@1.4.1
55 verbose unbuild rmStuff bower@1.4.1 from C:\Users\Isabel\AppData\Roaming\npm\node_modules
56 silly gentlyRm C:\Users\Isabel\AppData\Roaming\npm\bower.cmd is being gently removed
57 silly gentlyRm verifying C:\Users\Isabel\AppData\Roaming\npm is an npm working directory
58 silly gentlyRm containing path C:\Users\Isabel\AppData\Roaming\npm is under npm's control, in C:\Users\Isabel\AppData\Roaming\npm
59 silly gentlyRm deletion target C:\Users\Isabel\AppData\Roaming\npm\bower.cmd is under C:\Users\Isabel\AppData\Roaming\npm
60 verbose gentlyRm vacuuming from C:\Users\Isabel\AppData\Roaming\npm\bower.cmd up to C:\Users\Isabel\AppData\Roaming\npm
61 silly vacuum-fs removing C:\Users\Isabel\AppData\Roaming\npm\bower.cmd
62 silly vacuum-fs finished vacuuming up to C:\Users\Isabel\AppData\Roaming\npm
63 silly gentlyRm C:\Users\Isabel\AppData\Roaming\npm\bower is being gently removed
64 silly gentlyRm verifying C:\Users\Isabel\AppData\Roaming\npm is an npm working directory
65 silly gentlyRm containing path C:\Users\Isabel\AppData\Roaming\npm is under npm's control, in C:\Users\Isabel\AppData\Roaming\npm
66 silly gentlyRm deletion target C:\Users\Isabel\AppData\Roaming\npm\bower is under C:\Users\Isabel\AppData\Roaming\npm
67 verbose gentlyRm vacuuming from C:\Users\Isabel\AppData\Roaming\npm\bower up to C:\Users\Isabel\AppData\Roaming\npm
68 silly vacuum-fs removing C:\Users\Isabel\AppData\Roaming\npm\bower
69 silly vacuum-fs finished vacuuming up to C:\Users\Isabel\AppData\Roaming\npm
70 info postuninstall bower@1.4.1
71 silly gentlyRm C:\Users\Isabel\AppData\Roaming\npm\node_modules\bower is being purged from base C:\Users\Isabel\AppData\Roaming\npm
72 verbose gentlyRm don't care about contents; nuking C:\Users\Isabel\AppData\Roaming\npm\node_modules\bower
73 silly vacuum-fs purging C:\Users\Isabel\AppData\Roaming\npm\node_modules\bower
74 silly vacuum-fs quitting because other entries in C:\Users\Isabel\AppData\Roaming\npm\node_modules
75 verbose tar unpack C:\Users\Isabel\AppData\Roaming\npm-cache\bower\1.5.2\package.tgz
76 verbose tar unpacking to C:\Users\Isabel\AppData\Roaming\npm\node_modules\bower
77 silly gentlyRm C:\Users\Isabel\AppData\Roaming\npm\node_modules\bower is being purged
78 verbose gentlyRm don't care about contents; nuking C:\Users\Isabel\AppData\Roaming\npm\node_modules\bower
79 silly gunzTarPerm modes [ '777', '666' ]
80 silly gunzTarPerm extractEntry package.json
81 silly gunzTarPerm modified mode [ 'package.json', 420, 438 ]
82 silly gunzTarPerm extractEntry README.md
83 silly gunzTarPerm modified mode [ 'README.md', 420, 438 ]
84 silly gunzTarPerm extractEntry LICENSE
85 silly gunzTarPerm modified mode [ 'LICENSE', 420, 438 ]
86 silly gunzTarPerm extractEntry CHANGELOG.md
87 silly gunzTarPerm modified mode [ 'CHANGELOG.md', 420, 438 ]
88 silly gunzTarPerm extractEntry bin/bower
89 silly gunzTarPerm modified mode [ 'bin/bower', 493, 511 ]
90 silly gunzTarPerm extractEntry lib/config.js
91 silly gunzTarPerm modified mode [ 'lib/config.js', 420, 438 ]
92 silly gunzTarPerm extractEntry lib/index.js
93 silly gunzTarPerm modified mode [ 'lib/index.js', 420, 438 ]
94 silly gunzTarPerm extractEntry lib/commands/version.js
95 silly gunzTarPerm modified mode [ 'lib/commands/version.js', 420, 438 ]
96 silly gunzTarPerm extractEntry lib/commands/init.js
97 silly gunzTarPerm modified mode [ 'lib/commands/init.js', 420, 438 ]
98 silly gunzTarPerm extractEntry lib/commands/install.js
99 silly gunzTarPerm modified mode [ 'lib/commands/install.js', 420, 438 ]
100 silly gunzTarPerm extractEntry lib/commands/link.js
101 silly gunzTarPerm modified mode [ 'lib/commands/link.js', 420, 438 ]
102 silly gunzTarPerm extractEntry lib/commands/list.js
103 silly gunzTarPerm modified mode [ 'lib/commands/list.js', 420, 438 ]
104 silly gunzTarPerm extractEntry lib/commands/info.js
105 silly gunzTarPerm modified mode [ 'lib/commands/info.js', 420, 438 ]
106 silly gunzTarPerm extractEntry lib/commands/lookup.js
107 silly gunzTarPerm modified mode [ 'lib/commands/lookup.js', 420, 438 ]
108 silly gunzTarPerm extractEntry lib/commands/prune.js
109 silly gunzTarPerm modified mode [ 'lib/commands/prune.js', 420, 438 ]
110 silly gunzTarPerm extractEntry lib/commands/register.js
111 silly gunzTarPerm modified mode [ 'lib/commands/register.js', 420, 438 ]
112 silly gunzTarPerm extractEntry lib/commands/search.js
113 silly gunzTarPerm modified mode [ 'lib/commands/search.js', 420, 438 ]
114 silly gunzTarPerm extractEntry lib/commands/uninstall.js
115 silly gunzTarPerm modified mode [ 'lib/commands/uninstall.js', 420, 438 ]
116 silly gunzTarPerm extractEntry lib/commands/index.js
117 silly gunzTarPerm modified mode [ 'lib/commands/index.js', 420, 438 ]
118 silly gunzTarPerm extractEntry lib/commands/unregister.js
119 silly gunzTarPerm modified mode [ 'lib/commands/unregister.js', 420, 438 ]
120 silly gunzTarPerm extractEntry lib/commands/home.js
121 silly gunzTarPerm modified mode [ 'lib/commands/home.js', 420, 438 ]
122 silly gunzTarPerm extractEntry lib/commands/update.js
123 silly gunzTarPerm modified mode [ 'lib/commands/update.js', 420, 438 ]
124 silly gunzTarPerm extractEntry lib/commands/help.js
125 silly gunzTarPerm modified mode [ 'lib/commands/help.js', 420, 438 ]
126 silly gunzTarPerm extractEntry lib/commands/login.js
127 silly gunzTarPerm modified mode [ 'lib/commands/login.js', 420, 438 ]
128 silly gunzTarPerm extractEntry lib/commands/cache/clean.js
129 silly gunzTarPerm modified mode [ 'lib/commands/cache/clean.js', 420, 438 ]
130 silly gunzTarPerm extractEntry lib/commands/cache/list.js
131 silly gunzTarPerm modified mode [ 'lib/commands/cache/list.js', 420, 438 ]
132 silly gunzTarPerm extractEntry lib/core/Manager.js
133 silly gunzTarPerm modified mode [ 'lib/core/Manager.js', 420, 438 ]
134 silly gunzTarPerm extractEntry lib/core/PackageRepository.js
135 silly gunzTarPerm modified mode [ 'lib/core/PackageRepository.js', 420, 438 ]
136 silly gunzTarPerm extractEntry lib/core/Project.js
137 silly gunzTarPerm modified mode [ 'lib/core/Project.js', 420, 438 ]
138 silly gunzTarPerm extractEntry lib/core/ResolveCache.js
139 silly gunzTarPerm modified mode [ 'lib/core/ResolveCache.js', 420, 438 ]
140 silly gunzTarPerm extractEntry lib/core/resolverFactory.js
141 silly gunzTarPerm modified mode [ 'lib/core/resolverFactory.js', 420, 438 ]
142 silly gunzTarPerm extractEntry lib/core/scripts.js
143 silly gunzTarPerm modified mode [ 'lib/core/scripts.js', 420, 438 ]
144 silly gunzTarPerm extractEntry lib/core/resolvers/FsResolver.js
145 silly gunzTarPerm modified mode [ 'lib/core/resolvers/FsResolver.js', 420, 438 ]
146 silly gunzTarPerm extractEntry lib/core/resolvers/GitFsResolver.js
147 silly gunzTarPerm modified mode [ 'lib/core/resolvers/GitFsResolver.js', 420, 438 ]
148 silly gunzTarPerm extractEntry lib/core/resolvers/GitHubResolver.js
149 silly gunzTarPerm modified mode [ 'lib/core/resolvers/GitHubResolver.js', 420, 438 ]
150 silly gunzTarPerm extractEntry lib/core/resolvers/GitRemoteResolver.js
151 silly gunzTarPerm modified mode [ 'lib/core/resolvers/GitRemoteResolver.js', 420, 438 ]
152 silly gunzTarPerm extractEntry lib/core/resolvers/GitResolver.js
153 silly gunzTarPerm modified mode [ 'lib/core/resolvers/GitResolver.js', 420, 438 ]
154 silly gunzTarPerm extractEntry lib/core/resolvers/Resolver.js
155 silly gunzTarPerm modified mode [ 'lib/core/resolvers/Resolver.js', 420, 438 ]
156 silly gunzTarPerm extractEntry lib/core/resolvers/SvnResolver.js
157 silly gunzTarPerm modified mode [ 'lib/core/resolvers/SvnResolver.js', 420, 438 ]
158 silly gunzTarPerm extractEntry lib/core/resolvers/UrlResolver.js
159 silly gunzTarPerm modified mode [ 'lib/core/resolvers/UrlResolver.js', 420, 438 ]
160 silly gunzTarPerm extractEntry lib/core/resolvers/index.js
161 silly gunzTarPerm modified mode [ 'lib/core/resolvers/index.js', 420, 438 ]
162 silly gunzTarPerm extractEntry lib/core/resolvers/pluginResolverFactory.js
163 silly gunzTarPerm modified mode [ 'lib/core/resolvers/pluginResolverFactory.js', 420, 438 ]
164 silly gunzTarPerm extractEntry lib/renderers/JsonRenderer.js
165 silly gunzTarPerm modified mode [ 'lib/renderers/JsonRenderer.js', 420, 438 ]
166 silly gunzTarPerm extractEntry lib/renderers/StandardRenderer.js
167 silly gunzTarPerm modified mode [ 'lib/renderers/StandardRenderer.js', 420, 438 ]
168 silly gunzTarPerm extractEntry lib/renderers/index.js
169 silly gunzTarPerm modified mode [ 'lib/renderers/index.js', 420, 438 ]
170 silly gunzTarPerm extractEntry lib/util/analytics.js
171 silly gunzTarPerm modified mode [ 'lib/util/analytics.js', 420, 438 ]
172 silly gunzTarPerm extractEntry lib/util/createError.js
173 silly gunzTarPerm modified mode [ 'lib/util/createError.js', 420, 438 ]
174 silly gunzTarPerm extractEntry lib/util/createLink.js
175 silly gunzTarPerm modified mode [ 'lib/util/createLink.js', 420, 438 ]
176 silly gunzTarPerm extractEntry lib/util/download.js
177 silly gunzTarPerm modified mode [ 'lib/util/download.js', 420, 438 ]
178 silly gunzTarPerm extractEntry lib/util/copy.js
179 silly gunzTarPerm modified mode [ 'lib/util/copy.js', 420, 438 ]
180 silly gunzTarPerm extractEntry lib/util/md5.js
181 silly gunzTarPerm modified mode [ 'lib/util/md5.js', 420, 438 ]
182 silly gunzTarPerm extractEntry lib/util/readJson.js
183 silly gunzTarPerm modified mode [ 'lib/util/readJson.js', 420, 438 ]
184 silly gunzTarPerm extractEntry lib/util/removeIgnores.js
185 silly gunzTarPerm modified mode [ 'lib/util/removeIgnores.js', 420, 438 ]
186 silly gunzTarPerm extractEntry lib/util/rootCheck.js
187 silly gunzTarPerm modified mode [ 'lib/util/rootCheck.js', 420, 438 ]
188 silly gunzTarPerm extractEntry lib/util/semver.js
189 silly gunzTarPerm modified mode [ 'lib/util/semver.js', 420, 438 ]
190 silly gunzTarPerm extractEntry lib/util/cmd.js
191 silly gunzTarPerm modified mode [ 'lib/util/cmd.js', 420, 438 ]
192 silly gunzTarPerm extractEntry lib/util/template.js
193 silly gunzTarPerm modified mode [ 'lib/util/template.js', 420, 438 ]
194 silly gunzTarPerm extractEntry lib/util/cli.js
195 silly gunzTarPerm modified mode [ 'lib/util/cli.js', 420, 438 ]
196 silly gunzTarPerm extractEntry lib/util/validLink.js
197 silly gunzTarPerm modified mode [ 'lib/util/validLink.js', 420, 438 ]
198 silly gunzTarPerm extractEntry lib/util/extract.js
199 silly gunzTarPerm modified mode [ 'lib/util/extract.js', 420, 438 ]
200 silly gunzTarPerm extractEntry templates/helpers/colors.js
201 silly gunzTarPerm modified mode [ 'templates/helpers/colors.js', 420, 438 ]
202 silly gunzTarPerm extractEntry templates/helpers/condense.js
203 silly gunzTarPerm modified mode [ 'templates/helpers/condense.js', 420, 438 ]
204 silly gunzTarPerm extractEntry templates/helpers/indent.js
205 silly gunzTarPerm modified mode [ 'templates/helpers/indent.js', 420, 438 ]
206 silly gunzTarPerm extractEntry templates/helpers/index.js
207 silly gunzTarPerm modified mode [ 'templates/helpers/index.js', 420, 438 ]
208 silly gunzTarPerm extractEntry templates/helpers/rpad.js
209 silly gunzTarPerm modified mode [ 'templates/helpers/rpad.js', 420, 438 ]
210 silly gunzTarPerm extractEntry templates/helpers/sum.js
211 silly gunzTarPerm modified mode [ 'templates/helpers/sum.js', 420, 438 ]
212 silly gunzTarPerm extractEntry templates/json/help-lookup.json
213 silly gunzTarPerm modified mode [ 'templates/json/help-lookup.json', 420, 438 ]
214 silly gunzTarPerm extractEntry templates/json/help-cache/clean.json
215 silly gunzTarPerm modified mode [ 'templates/json/help-cache/clean.json', 420, 438 ]
216 silly gunzTarPerm extractEntry templates/json/help-cache/list.json
217 silly gunzTarPerm modified mode [ 'templates/json/help-cache/list.json', 420, 438 ]
218 silly gunzTarPerm extractEntry templates/json/help-home.json
219 silly gunzTarPerm modified mode [ 'templates/json/help-home.json', 420, 438 ]
220 silly gunzTarPerm extractEntry templates/json/help-info.json
221 silly gunzTarPerm modified mode [ 'templates/json/help-info.json', 420, 438 ]
222 silly gunzTarPerm extractEntry templates/json/help-init.json
223 silly gunzTarPerm modified mode [ 'templates/json/help-init.json', 420, 438 ]
224 silly gunzTarPerm extractEntry templates/json/help-install.json
225 silly gunzTarPerm modified mode [ 'templates/json/help-install.json', 420, 438 ]
226 silly gunzTarPerm extractEntry templates/json/help-link.json
227 silly gunzTarPerm modified mode [ 'templates/json/help-link.json', 420, 438 ]
228 silly gunzTarPerm extractEntry templates/json/help-list.json
229 silly gunzTarPerm modified mode [ 'templates/json/help-list.json', 420, 438 ]
230 silly gunzTarPerm extractEntry templates/json/help-login.json
231 silly gunzTarPerm modified mode [ 'templates/json/help-login.json', 420, 438 ]
232 silly gunzTarPerm extractEntry templates/json/help-cache.json
233 silly gunzTarPerm modified mode [ 'templates/json/help-cache.json', 420, 438 ]
234 silly gunzTarPerm extractEntry templates/json/help-prune.json
235 silly gunzTarPerm modified mode [ 'templates/json/help-prune.json', 420, 438 ]
236 silly gunzTarPerm extractEntry templates/json/help-register.json
237 silly gunzTarPerm modified mode [ 'templates/json/help-register.json', 420, 438 ]
238 silly gunzTarPerm extractEntry templates/json/help-search.json
239 silly gunzTarPerm modified mode [ 'templates/json/help-search.json', 420, 438 ]
240 silly gunzTarPerm extractEntry templates/json/help-uninstall.json
241 silly gunzTarPerm modified mode [ 'templates/json/help-uninstall.json', 420, 438 ]
242 silly gunzTarPerm extractEntry templates/json/help-unregister.json
243 silly gunzTarPerm modified mode [ 'templates/json/help-unregister.json', 420, 438 ]
244 silly gunzTarPerm extractEntry templates/json/help-update.json
245 silly gunzTarPerm modified mode [ 'templates/json/help-update.json', 420, 438 ]
246 silly gunzTarPerm extractEntry templates/json/help-version.json
247 silly gunzTarPerm modified mode [ 'templates/json/help-version.json', 420, 438 ]
248 silly gunzTarPerm extractEntry templates/json/help.json
249 silly gunzTarPerm modified mode [ 'templates/json/help.json', 420, 438 ]
250 silly gunzTarPerm extractEntry templates/std/conflict-resolved.std
251 silly gunzTarPerm modified mode [ 'templates/std/conflict-resolved.std', 420, 438 ]
252 silly gunzTarPerm extractEntry templates/std/conflict.std
253 silly gunzTarPerm modified mode [ 'templates/std/conflict.std', 420, 438 ]
254 silly gunzTarPerm extractEntry templates/std/help-cache.std
255 silly gunzTarPerm modified mode [ 'templates/std/help-cache.std', 420, 438 ]
256 silly gunzTarPerm extractEntry templates/std/help-generic.std
257 silly gunzTarPerm modified mode [ 'templates/std/help-generic.std', 420, 438 ]
258 silly gunzTarPerm extractEntry templates/std/help.std
259 silly gunzTarPerm modified mode [ 'templates/std/help.std', 420, 438 ]
260 silly gunzTarPerm extractEntry templates/std/info.std
261 silly gunzTarPerm modified mode [ 'templates/std/info.std', 420, 438 ]
262 silly gunzTarPerm extractEntry templates/std/lookup.std
263 silly gunzTarPerm modified mode [ 'templates/std/lookup.std', 420, 438 ]
264 silly gunzTarPerm extractEntry templates/std/register.std
265 silly gunzTarPerm modified mode [ 'templates/std/register.std', 420, 438 ]
266 silly gunzTarPerm extractEntry templates/std/search-results.std
267 silly gunzTarPerm modified mode [ 'templates/std/search-results.std', 420, 438 ]
268 verbose write writing to C:\Users\Isabel\AppData\Roaming\npm\node_modules\bower\package.json
269 info preinstall bower@1.5.2
270 verbose readDependencies loading dependencies from C:\Users\Isabel\AppData\Roaming\npm\node_modules\bower\package.json
271 silly prepareForInstallMany adding abbrev@^1.0.5 from bower dependencies
272 silly prepareForInstallMany adding archy@1.0.0 from bower dependencies
273 silly prepareForInstallMany adding bower-config@^0.6.1 from bower dependencies
274 silly prepareForInstallMany adding bower-endpoint-parser@^0.2.2 from bower dependencies
275 silly prepareForInstallMany adding bower-json@^0.4.0 from bower dependencies
276 silly prepareForInstallMany adding bower-logger@^0.2.2 from bower dependencies
277 silly prepareForInstallMany adding bower-registry-client@^0.3.0 from bower dependencies
278 silly prepareForInstallMany adding cardinal@0.4.4 from bower dependencies
279 silly prepareForInstallMany adding chalk@^1.0.0 from bower dependencies
280 silly prepareForInstallMany adding chmodr@0.1.0 from bower dependencies
281 silly prepareForInstallMany adding configstore@^0.3.2 from bower dependencies
282 silly prepareForInstallMany adding decompress-zip@^0.1.0 from bower dependencies
283 silly prepareForInstallMany adding deep-sort-object@~0.1.1 from bower dependencies
284 silly prepareForInstallMany adding fstream@^1.0.3 from bower dependencies
285 silly prepareForInstallMany adding fstream-ignore@^1.0.2 from bower dependencies
286 silly prepareForInstallMany adding github@^0.2.3 from bower dependencies
287 silly prepareForInstallMany adding glob@^4.3.2 from bower dependencies
288 silly prepareForInstallMany adding graceful-fs@^3.0.5 from bower dependencies
289 silly prepareForInstallMany adding handlebars@^2.0.0 from bower dependencies
290 silly prepareForInstallMany adding inquirer@0.8.0 from bower dependencies
291 silly prepareForInstallMany adding insight@^0.5.0 from bower dependencies
292 silly prepareForInstallMany adding is-root@^1.0.0 from bower dependencies
293 silly prepareForInstallMany adding junk@^1.0.0 from bower dependencies
294 silly prepareForInstallMany adding lockfile@^1.0.0 from bower dependencies
295 silly prepareForInstallMany adding lru-cache@^2.5.0 from bower dependencies
296 silly prepareForInstallMany adding mkdirp@0.5.0 from bower dependencies
297 silly prepareForInstallMany adding mout@^0.11.0 from bower dependencies
298 silly prepareForInstallMany adding nopt@^3.0.1 from bower dependencies
299 silly prepareForInstallMany adding opn@^1.0.1 from bower dependencies
300 silly prepareForInstallMany adding p-throttler@0.1.1 from bower dependencies
301 silly prepareForInstallMany adding promptly@0.2.0 from bower dependencies
302 silly prepareForInstallMany adding q@^1.1.2 from bower dependencies
303 silly prepareForInstallMany adding request@2.53.0 from bower dependencies
304 silly prepareForInstallMany adding request-progress@0.3.1 from bower dependencies
305 silly prepareForInstallMany adding retry@0.6.1 from bower dependencies
306 silly prepareForInstallMany adding rimraf@^2.2.8 from bower dependencies
307 silly prepareForInstallMany adding semver@^2.3.0 from bower dependencies
308 silly prepareForInstallMany adding shell-quote@^1.4.2 from bower dependencies
309 silly prepareForInstallMany adding stringify-object@^1.0.0 from bower dependencies
310 silly prepareForInstallMany adding tar-fs@^1.4.1 from bower dependencies
311 silly prepareForInstallMany adding tmp@0.0.24 from bower dependencies
312 silly prepareForInstallMany adding update-notifier@^0.3.0 from bower dependencies
313 silly prepareForInstallMany adding user-home@^1.1.0 from bower dependencies
314 silly prepareForInstallMany adding which@^1.0.8 from bower dependencies
315 verbose readDependencies loading dependencies from C:\Users\Isabel\AppData\Roaming\npm\node_modules\bower\package.json
316 silly cache add args [ 'bower-endpoint-parser@^0.2.2', null ]
317 verbose cache add spec bower-endpoint-parser@^0.2.2
318 silly cache add parsed spec { raw: 'bower-endpoint-parser@^0.2.2',
318 silly cache add   scope: null,
318 silly cache add   name: 'bower-endpoint-parser',
318 silly cache add   rawSpec: '^0.2.2',
318 silly cache add   spec: '>=0.2.2 <0.3.0',
318 silly cache add   type: 'range' }
319 silly addNamed bower-endpoint-parser@>=0.2.2 <0.3.0
320 verbose addNamed ">=0.2.2 <0.3.0" is a valid semver range for bower-endpoint-parser
321 silly addNameRange { name: 'bower-endpoint-parser',
321 silly addNameRange   range: '>=0.2.2 <0.3.0',
321 silly addNameRange   hasData: false }
322 silly mapToRegistry name bower-endpoint-parser
323 silly mapToRegistry using default registry
324 silly mapToRegistry registry https://registry.npmjs.org/
325 silly mapToRegistry uri https://registry.npmjs.org/bower-endpoint-parser
326 verbose addNameRange registry:https://registry.npmjs.org/bower-endpoint-parser not in flight; fetching
327 silly cache add args [ 'bower-json@^0.4.0', null ]
328 verbose cache add spec bower-json@^0.4.0
329 silly cache add parsed spec { raw: 'bower-json@^0.4.0',
329 silly cache add   scope: null,
329 silly cache add   name: 'bower-json',
329 silly cache add   rawSpec: '^0.4.0',
329 silly cache add   spec: '>=0.4.0 <0.5.0',
329 silly cache add   type: 'range' }
330 silly addNamed bower-json@>=0.4.0 <0.5.0
331 verbose addNamed ">=0.4.0 <0.5.0" is a valid semver range for bower-json
332 silly addNameRange { name: 'bower-json', range: '>=0.4.0 <0.5.0', hasData: false }
333 silly mapToRegistry name bower-json
334 silly mapToRegistry using default registry
335 silly mapToRegistry registry https://registry.npmjs.org/
336 silly mapToRegistry uri https://registry.npmjs.org/bower-json
337 verbose addNameRange registry:https://registry.npmjs.org/bower-json not in flight; fetching
338 silly cache add args [ 'bower-logger@^0.2.2', null ]
339 verbose cache add spec bower-logger@^0.2.2
340 silly cache add parsed spec { raw: 'bower-logger@^0.2.2',
340 silly cache add   scope: null,
340 silly cache add   name: 'bower-logger',
340 silly cache add   rawSpec: '^0.2.2',
340 silly cache add   spec: '>=0.2.2 <0.3.0',
340 silly cache add   type: 'range' }
341 silly addNamed bower-logger@>=0.2.2 <0.3.0
342 verbose addNamed ">=0.2.2 <0.3.0" is a valid semver range for bower-logger
343 silly addNameRange { name: 'bower-logger', range: '>=0.2.2 <0.3.0', hasData: false }
344 silly mapToRegistry name bower-logger
345 silly mapToRegistry using default registry
346 silly mapToRegistry registry https://registry.npmjs.org/
347 silly mapToRegistry uri https://registry.npmjs.org/bower-logger
348 verbose addNameRange registry:https://registry.npmjs.org/bower-logger not in flight; fetching
349 silly cache add args [ 'bower-registry-client@^0.3.0', null ]
350 verbose cache add spec bower-registry-client@^0.3.0
351 silly cache add parsed spec { raw: 'bower-registry-client@^0.3.0',
351 silly cache add   scope: null,
351 silly cache add   name: 'bower-registry-client',
351 silly cache add   rawSpec: '^0.3.0',
351 silly cache add   spec: '>=0.3.0 <0.4.0',
351 silly cache add   type: 'range' }
352 silly addNamed bower-registry-client@>=0.3.0 <0.4.0
353 verbose addNamed ">=0.3.0 <0.4.0" is a valid semver range for bower-registry-client
354 silly addNameRange { name: 'bower-registry-client',
354 silly addNameRange   range: '>=0.3.0 <0.4.0',
354 silly addNameRange   hasData: false }
355 silly mapToRegistry name bower-registry-client
356 silly mapToRegistry using default registry
357 silly mapToRegistry registry https://registry.npmjs.org/
358 silly mapToRegistry uri https://registry.npmjs.org/bower-registry-client
359 verbose addNameRange registry:https://registry.npmjs.org/bower-registry-client not in flight; fetching
360 silly cache add args [ 'cardinal@0.4.4', null ]
361 verbose cache add spec cardinal@0.4.4
362 silly cache add parsed spec { raw: 'cardinal@0.4.4',
362 silly cache add   scope: null,
362 silly cache add   name: 'cardinal',
362 silly cache add   rawSpec: '0.4.4',
362 silly cache add   spec: '0.4.4',
362 silly cache add   type: 'version' }
363 silly addNamed cardinal@0.4.4
364 verbose addNamed "0.4.4" is a plain semver version for cardinal
365 silly mapToRegistry name cardinal
366 silly mapToRegistry using default registry
367 silly mapToRegistry registry https://registry.npmjs.org/
368 silly mapToRegistry uri https://registry.npmjs.org/cardinal
369 verbose addNameVersion registry:https://registry.npmjs.org/cardinal not in flight; fetching
370 silly cache add args [ 'chalk@^1.0.0', null ]
371 verbose cache add spec chalk@^1.0.0
372 silly cache add parsed spec { raw: 'chalk@^1.0.0',
372 silly cache add   scope: null,
372 silly cache add   name: 'chalk',
372 silly cache add   rawSpec: '^1.0.0',
372 silly cache add   spec: '>=1.0.0 <2.0.0',
372 silly cache add   type: 'range' }
373 silly addNamed chalk@>=1.0.0 <2.0.0
374 verbose addNamed ">=1.0.0 <2.0.0" is a valid semver range for chalk
375 silly addNameRange { name: 'chalk', range: '>=1.0.0 <2.0.0', hasData: false }
376 silly mapToRegistry name chalk
377 silly mapToRegistry using default registry
378 silly mapToRegistry registry https://registry.npmjs.org/
379 silly mapToRegistry uri https://registry.npmjs.org/chalk
380 verbose addNameRange registry:https://registry.npmjs.org/chalk not in flight; fetching
381 silly cache add args [ 'chmodr@0.1.0', null ]
382 verbose cache add spec chmodr@0.1.0
383 silly cache add parsed spec { raw: 'chmodr@0.1.0',
383 silly cache add   scope: null,
383 silly cache add   name: 'chmodr',
383 silly cache add   rawSpec: '0.1.0',
383 silly cache add   spec: '0.1.0',
383 silly cache add   type: 'version' }
384 silly addNamed chmodr@0.1.0
385 verbose addNamed "0.1.0" is a plain semver version for chmodr
386 silly mapToRegistry name chmodr
387 silly mapToRegistry using default registry
388 silly mapToRegistry registry https://registry.npmjs.org/
389 silly mapToRegistry uri https://registry.npmjs.org/chmodr
390 verbose addNameVersion registry:https://registry.npmjs.org/chmodr not in flight; fetching
391 silly cache add args [ 'configstore@^0.3.2', null ]
392 verbose cache add spec configstore@^0.3.2
393 silly cache add parsed spec { raw: 'configstore@^0.3.2',
393 silly cache add   scope: null,
393 silly cache add   name: 'configstore',
393 silly cache add   rawSpec: '^0.3.2',
393 silly cache add   spec: '>=0.3.2 <0.4.0',
393 silly cache add   type: 'range' }
394 silly addNamed configstore@>=0.3.2 <0.4.0
395 verbose addNamed ">=0.3.2 <0.4.0" is a valid semver range for configstore
396 silly addNameRange { name: 'configstore', range: '>=0.3.2 <0.4.0', hasData: false }
397 silly mapToRegistry name configstore
398 silly mapToRegistry using default registry
399 silly mapToRegistry registry https://registry.npmjs.org/
400 silly mapToRegistry uri https://registry.npmjs.org/configstore
401 verbose addNameRange registry:https://registry.npmjs.org/configstore not in flight; fetching
402 silly cache add args [ 'decompress-zip@^0.1.0', null ]
403 verbose cache add spec decompress-zip@^0.1.0
404 silly cache add parsed spec { raw: 'decompress-zip@^0.1.0',
404 silly cache add   scope: null,
404 silly cache add   name: 'decompress-zip',
404 silly cache add   rawSpec: '^0.1.0',
404 silly cache add   spec: '>=0.1.0 <0.2.0',
404 silly cache add   type: 'range' }
405 silly addNamed decompress-zip@>=0.1.0 <0.2.0
406 verbose addNamed ">=0.1.0 <0.2.0" is a valid semver range for decompress-zip
407 silly addNameRange { name: 'decompress-zip',
407 silly addNameRange   range: '>=0.1.0 <0.2.0',
407 silly addNameRange   hasData: false }
408 silly mapToRegistry name decompress-zip
409 silly mapToRegistry using default registry
410 silly mapToRegistry registry https://registry.npmjs.org/
411 silly mapToRegistry uri https://registry.npmjs.org/decompress-zip
412 verbose addNameRange registry:https://registry.npmjs.org/decompress-zip not in flight; fetching
413 silly cache add args [ 'deep-sort-object@~0.1.1', null ]
414 verbose cache add spec deep-sort-object@~0.1.1
415 silly cache add parsed spec { raw: 'deep-sort-object@~0.1.1',
415 silly cache add   scope: null,
415 silly cache add   name: 'deep-sort-object',
415 silly cache add   rawSpec: '~0.1.1',
415 silly cache add   spec: '>=0.1.1 <0.2.0',
415 silly cache add   type: 'range' }
416 silly addNamed deep-sort-object@>=0.1.1 <0.2.0
417 verbose addNamed ">=0.1.1 <0.2.0" is a valid semver range for deep-sort-object
418 silly addNameRange { name: 'deep-sort-object',
418 silly addNameRange   range: '>=0.1.1 <0.2.0',
418 silly addNameRange   hasData: false }
419 silly mapToRegistry name deep-sort-object
420 silly mapToRegistry using default registry
421 silly mapToRegistry registry https://registry.npmjs.org/
422 silly mapToRegistry uri https://registry.npmjs.org/deep-sort-object
423 verbose addNameRange registry:https://registry.npmjs.org/deep-sort-object not in flight; fetching
424 silly cache add args [ 'fstream@^1.0.3', null ]
425 verbose cache add spec fstream@^1.0.3
426 silly cache add parsed spec { raw: 'fstream@^1.0.3',
426 silly cache add   scope: null,
426 silly cache add   name: 'fstream',
426 silly cache add   rawSpec: '^1.0.3',
426 silly cache add   spec: '>=1.0.3 <2.0.0',
426 silly cache add   type: 'range' }
427 silly addNamed fstream@>=1.0.3 <2.0.0
428 verbose addNamed ">=1.0.3 <2.0.0" is a valid semver range for fstream
429 silly addNameRange { name: 'fstream', range: '>=1.0.3 <2.0.0', hasData: false }
430 silly mapToRegistry name fstream
431 silly mapToRegistry using default registry
432 silly mapToRegistry registry https://registry.npmjs.org/
433 silly mapToRegistry uri https://registry.npmjs.org/fstream
434 verbose addNameRange registry:https://registry.npmjs.org/fstream not in flight; fetching
435 silly cache add args [ 'fstream-ignore@^1.0.2', null ]
436 verbose cache add spec fstream-ignore@^1.0.2
437 silly cache add parsed spec { raw: 'fstream-ignore@^1.0.2',
437 silly cache add   scope: null,
437 silly cache add   name: 'fstream-ignore',
437 silly cache add   rawSpec: '^1.0.2',
437 silly cache add   spec: '>=1.0.2 <2.0.0',
437 silly cache add   type: 'range' }
438 silly addNamed fstream-ignore@>=1.0.2 <2.0.0
439 verbose addNamed ">=1.0.2 <2.0.0" is a valid semver range for fstream-ignore
440 silly addNameRange { name: 'fstream-ignore',
440 silly addNameRange   range: '>=1.0.2 <2.0.0',
440 silly addNameRange   hasData: false }
441 silly mapToRegistry name fstream-ignore
442 silly mapToRegistry using default registry
443 silly mapToRegistry registry https://registry.npmjs.org/
444 silly mapToRegistry uri https://registry.npmjs.org/fstream-ignore
445 verbose addNameRange registry:https://registry.npmjs.org/fstream-ignore not in flight; fetching
446 silly cache add args [ 'github@^0.2.3', null ]
447 verbose cache add spec github@^0.2.3
448 silly cache add parsed spec { raw: 'github@^0.2.3',
448 silly cache add   scope: null,
448 silly cache add   name: 'github',
448 silly cache add   rawSpec: '^0.2.3',
448 silly cache add   spec: '>=0.2.3 <0.3.0',
448 silly cache add   type: 'range' }
449 silly addNamed github@>=0.2.3 <0.3.0
450 verbose addNamed ">=0.2.3 <0.3.0" is a valid semver range for github
451 silly addNameRange { name: 'github', range: '>=0.2.3 <0.3.0', hasData: false }
452 silly mapToRegistry name github
453 silly mapToRegistry using default registry
454 silly mapToRegistry registry https://registry.npmjs.org/
455 silly mapToRegistry uri https://registry.npmjs.org/github
456 verbose addNameRange registry:https://registry.npmjs.org/github not in flight; fetching
457 silly cache add args [ 'glob@^4.3.2', null ]
458 verbose cache add spec glob@^4.3.2
459 silly cache add parsed spec { raw: 'glob@^4.3.2',
459 silly cache add   scope: null,
459 silly cache add   name: 'glob',
459 silly cache add   rawSpec: '^4.3.2',
459 silly cache add   spec: '>=4.3.2 <5.0.0',
459 silly cache add   type: 'range' }
460 silly addNamed glob@>=4.3.2 <5.0.0
461 verbose addNamed ">=4.3.2 <5.0.0" is a valid semver range for glob
462 silly addNameRange { name: 'glob', range: '>=4.3.2 <5.0.0', hasData: false }
463 silly mapToRegistry name glob
464 silly mapToRegistry using default registry
465 silly mapToRegistry registry https://registry.npmjs.org/
466 silly mapToRegistry uri https://registry.npmjs.org/glob
467 verbose addNameRange registry:https://registry.npmjs.org/glob not in flight; fetching
468 silly cache add args [ 'graceful-fs@^3.0.5', null ]
469 verbose cache add spec graceful-fs@^3.0.5
470 silly cache add parsed spec { raw: 'graceful-fs@^3.0.5',
470 silly cache add   scope: null,
470 silly cache add   name: 'graceful-fs',
470 silly cache add   rawSpec: '^3.0.5',
470 silly cache add   spec: '>=3.0.5 <4.0.0',
470 silly cache add   type: 'range' }
471 silly addNamed graceful-fs@>=3.0.5 <4.0.0
472 verbose addNamed ">=3.0.5 <4.0.0" is a valid semver range for graceful-fs
473 silly addNameRange { name: 'graceful-fs', range: '>=3.0.5 <4.0.0', hasData: false }
474 silly mapToRegistry name graceful-fs
475 silly mapToRegistry using default registry
476 silly mapToRegistry registry https://registry.npmjs.org/
477 silly mapToRegistry uri https://registry.npmjs.org/graceful-fs
478 verbose addNameRange registry:https://registry.npmjs.org/graceful-fs not in flight; fetching
479 silly cache add args [ 'handlebars@^2.0.0', null ]
480 verbose cache add spec handlebars@^2.0.0
481 silly cache add parsed spec { raw: 'handlebars@^2.0.0',
481 silly cache add   scope: null,
481 silly cache add   name: 'handlebars',
481 silly cache add   rawSpec: '^2.0.0',
481 silly cache add   spec: '>=2.0.0 <3.0.0',
481 silly cache add   type: 'range' }
482 silly addNamed handlebars@>=2.0.0 <3.0.0
483 verbose addNamed ">=2.0.0 <3.0.0" is a valid semver range for handlebars
484 silly addNameRange { name: 'handlebars', range: '>=2.0.0 <3.0.0', hasData: false }
485 silly mapToRegistry name handlebars
486 silly mapToRegistry using default registry
487 silly mapToRegistry registry https://registry.npmjs.org/
488 silly mapToRegistry uri https://registry.npmjs.org/handlebars
489 verbose addNameRange registry:https://registry.npmjs.org/handlebars not in flight; fetching
490 silly cache add args [ 'inquirer@0.8.0', null ]
491 verbose cache add spec inquirer@0.8.0
492 silly cache add parsed spec { raw: 'inquirer@0.8.0',
492 silly cache add   scope: null,
492 silly cache add   name: 'inquirer',
492 silly cache add   rawSpec: '0.8.0',
492 silly cache add   spec: '0.8.0',
492 silly cache add   type: 'version' }
493 silly addNamed inquirer@0.8.0
494 verbose addNamed "0.8.0" is a plain semver version for inquirer
495 silly mapToRegistry name inquirer
496 silly mapToRegistry using default registry
497 silly mapToRegistry registry https://registry.npmjs.org/
498 silly mapToRegistry uri https://registry.npmjs.org/inquirer
499 verbose addNameVersion registry:https://registry.npmjs.org/inquirer not in flight; fetching
500 silly cache add args [ 'insight@^0.5.0', null ]
501 verbose cache add spec insight@^0.5.0
502 silly cache add parsed spec { raw: 'insight@^0.5.0',
502 silly cache add   scope: null,
502 silly cache add   name: 'insight',
502 silly cache add   rawSpec: '^0.5.0',
502 silly cache add   spec: '>=0.5.0 <0.6.0',
502 silly cache add   type: 'range' }
503 silly addNamed insight@>=0.5.0 <0.6.0
504 verbose addNamed ">=0.5.0 <0.6.0" is a valid semver range for insight
505 silly addNameRange { name: 'insight', range: '>=0.5.0 <0.6.0', hasData: false }
506 silly mapToRegistry name insight
507 silly mapToRegistry using default registry
508 silly mapToRegistry registry https://registry.npmjs.org/
509 silly mapToRegistry uri https://registry.npmjs.org/insight
510 verbose addNameRange registry:https://registry.npmjs.org/insight not in flight; fetching
511 silly cache add args [ 'is-root@^1.0.0', null ]
512 verbose cache add spec is-root@^1.0.0
513 silly cache add parsed spec { raw: 'is-root@^1.0.0',
513 silly cache add   scope: null,
513 silly cache add   name: 'is-root',
513 silly cache add   rawSpec: '^1.0.0',
513 silly cache add   spec: '>=1.0.0 <2.0.0',
513 silly cache add   type: 'range' }
514 silly addNamed is-root@>=1.0.0 <2.0.0
515 verbose addNamed ">=1.0.0 <2.0.0" is a valid semver range for is-root
516 silly addNameRange { name: 'is-root', range: '>=1.0.0 <2.0.0', hasData: false }
517 silly mapToRegistry name is-root
518 silly mapToRegistry using default registry
519 silly mapToRegistry registry https://registry.npmjs.org/
520 silly mapToRegistry uri https://registry.npmjs.org/is-root
521 verbose addNameRange registry:https://registry.npmjs.org/is-root not in flight; fetching
522 silly cache add args [ 'junk@^1.0.0', null ]
523 verbose cache add spec junk@^1.0.0
524 silly cache add parsed spec { raw: 'junk@^1.0.0',
524 silly cache add   scope: null,
524 silly cache add   name: 'junk',
524 silly cache add   rawSpec: '^1.0.0',
524 silly cache add   spec: '>=1.0.0 <2.0.0',
524 silly cache add   type: 'range' }
525 silly addNamed junk@>=1.0.0 <2.0.0
526 verbose addNamed ">=1.0.0 <2.0.0" is a valid semver range for junk
527 silly addNameRange { name: 'junk', range: '>=1.0.0 <2.0.0', hasData: false }
528 silly mapToRegistry name junk
529 silly mapToRegistry using default registry
530 silly mapToRegistry registry https://registry.npmjs.org/
531 silly mapToRegistry uri https://registry.npmjs.org/junk
532 verbose addNameRange registry:https://registry.npmjs.org/junk not in flight; fetching
533 silly cache add args [ 'lockfile@^1.0.0', null ]
534 verbose cache add spec lockfile@^1.0.0
535 silly cache add parsed spec { raw: 'lockfile@^1.0.0',
535 silly cache add   scope: null,
535 silly cache add   name: 'lockfile',
535 silly cache add   rawSpec: '^1.0.0',
535 silly cache add   spec: '>=1.0.0 <2.0.0',
535 silly cache add   type: 'range' }
536 silly addNamed lockfile@>=1.0.0 <2.0.0
537 verbose addNamed ">=1.0.0 <2.0.0" is a valid semver range for lockfile
538 silly addNameRange { name: 'lockfile', range: '>=1.0.0 <2.0.0', hasData: false }
539 silly mapToRegistry name lockfile
540 silly mapToRegistry using default registry
541 silly mapToRegistry registry https://registry.npmjs.org/
542 silly mapToRegistry uri https://registry.npmjs.org/lockfile
543 verbose addNameRange registry:https://registry.npmjs.org/lockfile not in flight; fetching
544 silly cache add args [ 'lru-cache@^2.5.0', null ]
545 verbose cache add spec lru-cache@^2.5.0
546 silly cache add parsed spec { raw: 'lru-cache@^2.5.0',
546 silly cache add   scope: null,
546 silly cache add   name: 'lru-cache',
546 silly cache add   rawSpec: '^2.5.0',
546 silly cache add   spec: '>=2.5.0 <3.0.0',
546 silly cache add   type: 'range' }
547 silly addNamed lru-cache@>=2.5.0 <3.0.0
548 verbose addNamed ">=2.5.0 <3.0.0" is a valid semver range for lru-cache
549 silly addNameRange { name: 'lru-cache', range: '>=2.5.0 <3.0.0', hasData: false }
550 silly mapToRegistry name lru-cache
551 silly mapToRegistry using default registry
552 silly mapToRegistry registry https://registry.npmjs.org/
553 silly mapToRegistry uri https://registry.npmjs.org/lru-cache
554 verbose addNameRange registry:https://registry.npmjs.org/lru-cache not in flight; fetching
555 silly cache add args [ 'mkdirp@0.5.0', null ]
556 verbose cache add spec mkdirp@0.5.0
557 silly cache add parsed spec { raw: 'mkdirp@0.5.0',
557 silly cache add   scope: null,
557 silly cache add   name: 'mkdirp',
557 silly cache add   rawSpec: '0.5.0',
557 silly cache add   spec: '0.5.0',
557 silly cache add   type: 'version' }
558 silly addNamed mkdirp@0.5.0
559 verbose addNamed "0.5.0" is a plain semver version for mkdirp
560 silly mapToRegistry name mkdirp
561 silly mapToRegistry using default registry
562 silly mapToRegistry registry https://registry.npmjs.org/
563 silly mapToRegistry uri https://registry.npmjs.org/mkdirp
564 verbose addNameVersion registry:https://registry.npmjs.org/mkdirp not in flight; fetching
565 silly cache add args [ 'mout@^0.11.0', null ]
566 verbose cache add spec mout@^0.11.0
567 silly cache add parsed spec { raw: 'mout@^0.11.0',
567 silly cache add   scope: null,
567 silly cache add   name: 'mout',
567 silly cache add   rawSpec: '^0.11.0',
567 silly cache add   spec: '>=0.11.0 <0.12.0',
567 silly cache add   type: 'range' }
568 silly addNamed mout@>=0.11.0 <0.12.0
569 verbose addNamed ">=0.11.0 <0.12.0" is a valid semver range for mout
570 silly addNameRange { name: 'mout', range: '>=0.11.0 <0.12.0', hasData: false }
571 silly mapToRegistry name mout
572 silly mapToRegistry using default registry
573 silly mapToRegistry registry https://registry.npmjs.org/
574 silly mapToRegistry uri https://registry.npmjs.org/mout
575 verbose addNameRange registry:https://registry.npmjs.org/mout not in flight; fetching
576 silly cache add args [ 'nopt@^3.0.1', null ]
577 verbose cache add spec nopt@^3.0.1
578 silly cache add parsed spec { raw: 'nopt@^3.0.1',
578 silly cache add   scope: null,
578 silly cache add   name: 'nopt',
578 silly cache add   rawSpec: '^3.0.1',
578 silly cache add   spec: '>=3.0.1 <4.0.0',
578 silly cache add   type: 'range' }
579 silly addNamed nopt@>=3.0.1 <4.0.0
580 verbose addNamed ">=3.0.1 <4.0.0" is a valid semver range for nopt
581 silly addNameRange { name: 'nopt', range: '>=3.0.1 <4.0.0', hasData: false }
582 silly mapToRegistry name nopt
583 silly mapToRegistry using default registry
584 silly mapToRegistry registry https://registry.npmjs.org/
585 silly mapToRegistry uri https://registry.npmjs.org/nopt
586 verbose addNameRange registry:https://registry.npmjs.org/nopt not in flight; fetching
587 silly cache add args [ 'opn@^1.0.1', null ]
588 verbose cache add spec opn@^1.0.1
589 silly cache add parsed spec { raw: 'opn@^1.0.1',
589 silly cache add   scope: null,
589 silly cache add   name: 'opn',
589 silly cache add   rawSpec: '^1.0.1',
589 silly cache add   spec: '>=1.0.1 <2.0.0',
589 silly cache add   type: 'range' }
590 silly addNamed opn@>=1.0.1 <2.0.0
591 verbose addNamed ">=1.0.1 <2.0.0" is a valid semver range for opn
592 silly addNameRange { name: 'opn', range: '>=1.0.1 <2.0.0', hasData: false }
593 silly mapToRegistry name opn
594 silly mapToRegistry using default registry
595 silly mapToRegistry registry https://registry.npmjs.org/
596 silly mapToRegistry uri https://registry.npmjs.org/opn
597 verbose addNameRange registry:https://registry.npmjs.org/opn not in flight; fetching
598 silly cache add args [ 'p-throttler@0.1.1', null ]
599 verbose cache add spec p-throttler@0.1.1
600 silly cache add parsed spec { raw: 'p-throttler@0.1.1',
600 silly cache add   scope: null,
600 silly cache add   name: 'p-throttler',
600 silly cache add   rawSpec: '0.1.1',
600 silly cache add   spec: '0.1.1',
600 silly cache add   type: 'version' }
601 silly addNamed p-throttler@0.1.1
602 verbose addNamed "0.1.1" is a plain semver version for p-throttler
603 silly mapToRegistry name p-throttler
604 silly mapToRegistry using default registry
605 silly mapToRegistry registry https://registry.npmjs.org/
606 silly mapToRegistry uri https://registry.npmjs.org/p-throttler
607 verbose addNameVersion registry:https://registry.npmjs.org/p-throttler not in flight; fetching
608 silly cache add args [ 'promptly@0.2.0', null ]
609 verbose cache add spec promptly@0.2.0
610 silly cache add parsed spec { raw: 'promptly@0.2.0',
610 silly cache add   scope: null,
610 silly cache add   name: 'promptly',
610 silly cache add   rawSpec: '0.2.0',
610 silly cache add   spec: '0.2.0',
610 silly cache add   type: 'version' }
611 silly addNamed promptly@0.2.0
612 verbose addNamed "0.2.0" is a plain semver version for promptly
613 silly mapToRegistry name promptly
614 silly mapToRegistry using default registry
615 silly mapToRegistry registry https://registry.npmjs.org/
616 silly mapToRegistry uri https://registry.npmjs.org/promptly
617 verbose addNameVersion registry:https://registry.npmjs.org/promptly not in flight; fetching
618 silly cache add args [ 'q@^1.1.2', null ]
619 verbose cache add spec q@^1.1.2
620 silly cache add parsed spec { raw: 'q@^1.1.2',
620 silly cache add   scope: null,
620 silly cache add   name: 'q',
620 silly cache add   rawSpec: '^1.1.2',
620 silly cache add   spec: '>=1.1.2 <2.0.0',
620 silly cache add   type: 'range' }
621 silly addNamed q@>=1.1.2 <2.0.0
622 verbose addNamed ">=1.1.2 <2.0.0" is a valid semver range for q
623 silly addNameRange { name: 'q', range: '>=1.1.2 <2.0.0', hasData: false }
624 silly mapToRegistry name q
625 silly mapToRegistry using default registry
626 silly mapToRegistry registry https://registry.npmjs.org/
627 silly mapToRegistry uri https://registry.npmjs.org/q
628 verbose addNameRange registry:https://registry.npmjs.org/q not in flight; fetching
629 silly cache add args [ 'request@2.53.0', null ]
630 verbose cache add spec request@2.53.0
631 silly cache add parsed spec { raw: 'request@2.53.0',
631 silly cache add   scope: null,
631 silly cache add   name: 'request',
631 silly cache add   rawSpec: '2.53.0',
631 silly cache add   spec: '2.53.0',
631 silly cache add   type: 'version' }
632 silly addNamed request@2.53.0
633 verbose addNamed "2.53.0" is a plain semver version for request
634 silly mapToRegistry name request
635 silly mapToRegistry using default registry
636 silly mapToRegistry registry https://registry.npmjs.org/
637 silly mapToRegistry uri https://registry.npmjs.org/request
638 verbose addNameVersion registry:https://registry.npmjs.org/request not in flight; fetching
639 silly cache add args [ 'request-progress@0.3.1', null ]
640 verbose cache add spec request-progress@0.3.1
641 silly cache add parsed spec { raw: 'request-progress@0.3.1',
641 silly cache add   scope: null,
641 silly cache add   name: 'request-progress',
641 silly cache add   rawSpec: '0.3.1',
641 silly cache add   spec: '0.3.1',
641 silly cache add   type: 'version' }
642 silly addNamed request-progress@0.3.1
643 verbose addNamed "0.3.1" is a plain semver version for request-progress
644 silly mapToRegistry name request-progress
645 silly mapToRegistry using default registry
646 silly mapToRegistry registry https://registry.npmjs.org/
647 silly mapToRegistry uri https://registry.npmjs.org/request-progress
648 verbose addNameVersion registry:https://registry.npmjs.org/request-progress not in flight; fetching
649 silly cache add args [ 'retry@0.6.1', null ]
650 verbose cache add spec retry@0.6.1
651 silly cache add parsed spec { raw: 'retry@0.6.1',
651 silly cache add   scope: null,
651 silly cache add   name: 'retry',
651 silly cache add   rawSpec: '0.6.1',
651 silly cache add   spec: '0.6.1',
651 silly cache add   type: 'version' }
652 silly addNamed retry@0.6.1
653 verbose addNamed "0.6.1" is a plain semver version for retry
654 silly mapToRegistry name retry
655 silly mapToRegistry using default registry
656 silly mapToRegistry registry https://registry.npmjs.org/
657 silly mapToRegistry uri https://registry.npmjs.org/retry
658 verbose addNameVersion registry:https://registry.npmjs.org/retry not in flight; fetching
659 silly cache add args [ 'rimraf@^2.2.8', null ]
660 verbose cache add spec rimraf@^2.2.8
661 silly cache add parsed spec { raw: 'rimraf@^2.2.8',
661 silly cache add   scope: null,
661 silly cache add   name: 'rimraf',
661 silly cache add   rawSpec: '^2.2.8',
661 silly cache add   spec: '>=2.2.8 <3.0.0',
661 silly cache add   type: 'range' }
662 silly addNamed rimraf@>=2.2.8 <3.0.0
663 verbose addNamed ">=2.2.8 <3.0.0" is a valid semver range for rimraf
664 silly addNameRange { name: 'rimraf', range: '>=2.2.8 <3.0.0', hasData: false }
665 silly mapToRegistry name rimraf
666 silly mapToRegistry using default registry
667 silly mapToRegistry registry https://registry.npmjs.org/
668 silly mapToRegistry uri https://registry.npmjs.org/rimraf
669 verbose addNameRange registry:https://registry.npmjs.org/rimraf not in flight; fetching
670 silly cache add args [ 'semver@^2.3.0', null ]
671 verbose cache add spec semver@^2.3.0
672 silly cache add parsed spec { raw: 'semver@^2.3.0',
672 silly cache add   scope: null,
672 silly cache add   name: 'semver',
672 silly cache add   rawSpec: '^2.3.0',
672 silly cache add   spec: '>=2.3.0 <3.0.0',
672 silly cache add   type: 'range' }
673 silly addNamed semver@>=2.3.0 <3.0.0
674 verbose addNamed ">=2.3.0 <3.0.0" is a valid semver range for semver
675 silly addNameRange { name: 'semver', range: '>=2.3.0 <3.0.0', hasData: false }
676 silly mapToRegistry name semver
677 silly mapToRegistry using default registry
678 silly mapToRegistry registry https://registry.npmjs.org/
679 silly mapToRegistry uri https://registry.npmjs.org/semver
680 verbose addNameRange registry:https://registry.npmjs.org/semver not in flight; fetching
681 silly cache add args [ 'shell-quote@^1.4.2', null ]
682 verbose cache add spec shell-quote@^1.4.2
683 silly cache add parsed spec { raw: 'shell-quote@^1.4.2',
683 silly cache add   scope: null,
683 silly cache add   name: 'shell-quote',
683 silly cache add   rawSpec: '^1.4.2',
683 silly cache add   spec: '>=1.4.2 <2.0.0',
683 silly cache add   type: 'range' }
684 silly addNamed shell-quote@>=1.4.2 <2.0.0
685 verbose addNamed ">=1.4.2 <2.0.0" is a valid semver range for shell-quote
686 silly addNameRange { name: 'shell-quote', range: '>=1.4.2 <2.0.0', hasData: false }
687 silly mapToRegistry name shell-quote
688 silly mapToRegistry using default registry
689 silly mapToRegistry registry https://registry.npmjs.org/
690 silly mapToRegistry uri https://registry.npmjs.org/shell-quote
691 verbose addNameRange registry:https://registry.npmjs.org/shell-quote not in flight; fetching
692 silly cache add args [ 'stringify-object@^1.0.0', null ]
693 verbose cache add spec stringify-object@^1.0.0
694 silly cache add parsed spec { raw: 'stringify-object@^1.0.0',
694 silly cache add   scope: null,
694 silly cache add   name: 'stringify-object',
694 silly cache add   rawSpec: '^1.0.0',
694 silly cache add   spec: '>=1.0.0 <2.0.0',
694 silly cache add   type: 'range' }
695 silly addNamed stringify-object@>=1.0.0 <2.0.0
696 verbose addNamed ">=1.0.0 <2.0.0" is a valid semver range for stringify-object
697 silly addNameRange { name: 'stringify-object',
697 silly addNameRange   range: '>=1.0.0 <2.0.0',
697 silly addNameRange   hasData: false }
698 silly mapToRegistry name stringify-object
699 silly mapToRegistry using default registry
700 silly mapToRegistry registry https://registry.npmjs.org/
701 silly mapToRegistry uri https://registry.npmjs.org/stringify-object
702 verbose addNameRange registry:https://registry.npmjs.org/stringify-object not in flight; fetching
703 silly cache add args [ 'tar-fs@^1.4.1', null ]
704 verbose cache add spec tar-fs@^1.4.1
705 silly cache add parsed spec { raw: 'tar-fs@^1.4.1',
705 silly cache add   scope: null,
705 silly cache add   name: 'tar-fs',
705 silly cache add   rawSpec: '^1.4.1',
705 silly cache add   spec: '>=1.4.1 <2.0.0',
705 silly cache add   type: 'range' }
706 silly addNamed tar-fs@>=1.4.1 <2.0.0
707 verbose addNamed ">=1.4.1 <2.0.0" is a valid semver range for tar-fs
708 silly addNameRange { name: 'tar-fs', range: '>=1.4.1 <2.0.0', hasData: false }
709 silly mapToRegistry name tar-fs
710 silly mapToRegistry using default registry
711 silly mapToRegistry registry https://registry.npmjs.org/
712 silly mapToRegistry uri https://registry.npmjs.org/tar-fs
713 verbose addNameRange registry:https://registry.npmjs.org/tar-fs not in flight; fetching
714 silly cache add args [ 'tmp@0.0.24', null ]
715 verbose cache add spec tmp@0.0.24
716 silly cache add parsed spec { raw: 'tmp@0.0.24',
716 silly cache add   scope: null,
716 silly cache add   name: 'tmp',
716 silly cache add   rawSpec: '0.0.24',
716 silly cache add   spec: '0.0.24',
716 silly cache add   type: 'version' }
717 silly addNamed tmp@0.0.24
718 verbose addNamed "0.0.24" is a plain semver version for tmp
719 silly mapToRegistry name tmp
720 silly mapToRegistry using default registry
721 silly mapToRegistry registry https://registry.npmjs.org/
722 silly mapToRegistry uri https://registry.npmjs.org/tmp
723 verbose addNameVersion registry:https://registry.npmjs.org/tmp not in flight; fetching
724 silly cache add args [ 'update-notifier@^0.3.0', null ]
725 verbose cache add spec update-notifier@^0.3.0
726 silly cache add parsed spec { raw: 'update-notifier@^0.3.0',
726 silly cache add   scope: null,
726 silly cache add   name: 'update-notifier',
726 silly cache add   rawSpec: '^0.3.0',
726 silly cache add   spec: '>=0.3.0 <0.4.0',
726 silly cache add   type: 'range' }
727 silly addNamed update-notifier@>=0.3.0 <0.4.0
728 verbose addNamed ">=0.3.0 <0.4.0" is a valid semver range for update-notifier
729 silly addNameRange { name: 'update-notifier',
729 silly addNameRange   range: '>=0.3.0 <0.4.0',
729 silly addNameRange   hasData: false }
730 silly mapToRegistry name update-notifier
731 silly mapToRegistry using default registry
732 silly mapToRegistry registry https://registry.npmjs.org/
733 silly mapToRegistry uri https://registry.npmjs.org/update-notifier
734 verbose addNameRange registry:https://registry.npmjs.org/update-notifier not in flight; fetching
735 silly cache add args [ 'user-home@^1.1.0', null ]
736 verbose cache add spec user-home@^1.1.0
737 silly cache add parsed spec { raw: 'user-home@^1.1.0',
737 silly cache add   scope: null,
737 silly cache add   name: 'user-home',
737 silly cache add   rawSpec: '^1.1.0',
737 silly cache add   spec: '>=1.1.0 <2.0.0',
737 silly cache add   type: 'range' }
738 silly addNamed user-home@>=1.1.0 <2.0.0
739 verbose addNamed ">=1.1.0 <2.0.0" is a valid semver range for user-home
740 silly addNameRange { name: 'user-home', range: '>=1.1.0 <2.0.0', hasData: false }
741 silly mapToRegistry name user-home
742 silly mapToRegistry using default registry
743 silly mapToRegistry registry https://registry.npmjs.org/
744 silly mapToRegistry uri https://registry.npmjs.org/user-home
745 verbose addNameRange registry:https://registry.npmjs.org/user-home not in flight; fetching
746 silly cache add args [ 'which@^1.0.8', null ]
747 verbose cache add spec which@^1.0.8
748 silly cache add parsed spec { raw: 'which@^1.0.8',
748 silly cache add   scope: null,
748 silly cache add   name: 'which',
748 silly cache add   rawSpec: '^1.0.8',
748 silly cache add   spec: '>=1.0.8 <2.0.0',
748 silly cache add   type: 'range' }
749 silly addNamed which@>=1.0.8 <2.0.0
750 verbose addNamed ">=1.0.8 <2.0.0" is a valid semver range for which
751 silly addNameRange { name: 'which', range: '>=1.0.8 <2.0.0', hasData: false }
752 silly mapToRegistry name which
753 silly mapToRegistry using default registry
754 silly mapToRegistry registry https://registry.npmjs.org/
755 silly mapToRegistry uri https://registry.npmjs.org/which
756 verbose addNameRange registry:https://registry.npmjs.org/which not in flight; fetching
757 silly cache add args [ 'abbrev@^1.0.5', null ]
758 verbose cache add spec abbrev@^1.0.5
759 silly cache add parsed spec { raw: 'abbrev@^1.0.5',
759 silly cache add   scope: null,
759 silly cache add   name: 'abbrev',
759 silly cache add   rawSpec: '^1.0.5',
759 silly cache add   spec: '>=1.0.5 <2.0.0',
759 silly cache add   type: 'range' }
760 silly addNamed abbrev@>=1.0.5 <2.0.0
761 verbose addNamed ">=1.0.5 <2.0.0" is a valid semver range for abbrev
762 silly addNameRange { name: 'abbrev', range: '>=1.0.5 <2.0.0', hasData: false }
763 silly mapToRegistry name abbrev
764 silly mapToRegistry using default registry
765 silly mapToRegistry registry https://registry.npmjs.org/
766 silly mapToRegistry uri https://registry.npmjs.org/abbrev
767 verbose addNameRange registry:https://registry.npmjs.org/abbrev not in flight; fetching
768 silly cache add args [ 'archy@1.0.0', null ]
769 verbose cache add spec archy@1.0.0
770 silly cache add parsed spec { raw: 'archy@1.0.0',
770 silly cache add   scope: null,
770 silly cache add   name: 'archy',
770 silly cache add   rawSpec: '1.0.0',
770 silly cache add   spec: '1.0.0',
770 silly cache add   type: 'version' }
771 silly addNamed archy@1.0.0
772 verbose addNamed "1.0.0" is a plain semver version for archy
773 silly mapToRegistry name archy
774 silly mapToRegistry using default registry
775 silly mapToRegistry registry https://registry.npmjs.org/
776 silly mapToRegistry uri https://registry.npmjs.org/archy
777 verbose addNameVersion registry:https://registry.npmjs.org/archy not in flight; fetching
778 silly cache add args [ 'bower-config@^0.6.1', null ]
779 verbose cache add spec bower-config@^0.6.1
780 silly cache add parsed spec { raw: 'bower-config@^0.6.1',
780 silly cache add   scope: null,
780 silly cache add   name: 'bower-config',
780 silly cache add   rawSpec: '^0.6.1',
780 silly cache add   spec: '>=0.6.1 <0.7.0',
780 silly cache add   type: 'range' }
781 silly addNamed bower-config@>=0.6.1 <0.7.0
782 verbose addNamed ">=0.6.1 <0.7.0" is a valid semver range for bower-config
783 silly addNameRange { name: 'bower-config', range: '>=0.6.1 <0.7.0', hasData: false }
784 silly mapToRegistry name bower-config
785 silly mapToRegistry using default registry
786 silly mapToRegistry registry https://registry.npmjs.org/
787 silly mapToRegistry uri https://registry.npmjs.org/bower-config
788 verbose addNameRange registry:https://registry.npmjs.org/bower-config not in flight; fetching
789 verbose request uri https://registry.npmjs.org/deep-sort-object
790 verbose request no auth needed
791 info attempt registry request try #1 at 7:34:01 PM
792 http request GET https://registry.npmjs.org/deep-sort-object
793 verbose request uri https://registry.npmjs.org/bower-logger
794 verbose request no auth needed
795 info attempt registry request try #1 at 7:34:01 PM
796 verbose etag "6ZH05P85GTSJBDBSODJ70LH4Z"
797 http request GET https://registry.npmjs.org/bower-logger
798 verbose request uri https://registry.npmjs.org/bower-registry-client
799 verbose request no auth needed
800 info attempt registry request try #1 at 7:34:01 PM
801 verbose etag "ESQLHDBEHLJGVVYV811VO0SQC"
802 http request GET https://registry.npmjs.org/bower-registry-client
803 verbose request uri https://registry.npmjs.org/bower-json
804 verbose request no auth needed
805 info attempt registry request try #1 at 7:34:01 PM
806 verbose etag "V59XECEKEUNOVAWB0BE81U9N"
807 http request GET https://registry.npmjs.org/bower-json
808 verbose request uri https://registry.npmjs.org/bower-endpoint-parser
809 verbose request no auth needed
810 info attempt registry request try #1 at 7:34:01 PM
811 verbose etag "3FMNLCPGK26OHT574O3Y97XJ3"
812 http request GET https://registry.npmjs.org/bower-endpoint-parser
813 verbose request uri https://registry.npmjs.org/chmodr
814 verbose request no auth needed
815 info attempt registry request try #1 at 7:34:01 PM
816 verbose etag "D0MV5HW850GKKQ1U1TQ9NRUEN"
817 http request GET https://registry.npmjs.org/chmodr
818 verbose request uri https://registry.npmjs.org/chalk
819 verbose request no auth needed
820 info attempt registry request try #1 at 7:34:01 PM
821 verbose etag "7Y6ANZICLURCFFM1VQS1WYCRD"
822 http request GET https://registry.npmjs.org/chalk
823 verbose request uri https://registry.npmjs.org/cardinal
824 verbose request no auth needed
825 info attempt registry request try #1 at 7:34:01 PM
826 verbose etag "3FCT4E4K3BPACK4QJ991KI2AT"
827 http request GET https://registry.npmjs.org/cardinal
828 verbose request uri https://registry.npmjs.org/decompress-zip
829 verbose request no auth needed
830 info attempt registry request try #1 at 7:34:01 PM
831 verbose etag "5H46KK0BII7PE6OPBSOQEDZNN"
832 http request GET https://registry.npmjs.org/decompress-zip
833 verbose request uri https://registry.npmjs.org/fstream-ignore
834 verbose request no auth needed
835 info attempt registry request try #1 at 7:34:01 PM
836 verbose etag "6O8QJ7N393JC7QUG8NS4M73WG"
837 http request GET https://registry.npmjs.org/fstream-ignore
838 verbose request uri https://registry.npmjs.org/configstore
839 verbose request no auth needed
840 info attempt registry request try #1 at 7:34:01 PM
841 verbose etag "4I1KUK8F6U04J1KHGX7ATJAKZ"
842 http request GET https://registry.npmjs.org/configstore
843 verbose request uri https://registry.npmjs.org/fstream
844 verbose request no auth needed
845 info attempt registry request try #1 at 7:34:01 PM
846 verbose etag "BZB8DO85TC54UE0N7UYBAQ3P8"
847 http request GET https://registry.npmjs.org/fstream
848 verbose request uri https://registry.npmjs.org/glob
849 verbose request no auth needed
850 info attempt registry request try #1 at 7:34:01 PM
851 verbose etag "46WM8PKU1KH1CZRIDW01PZGF0"
852 http request GET https://registry.npmjs.org/glob
853 verbose request uri https://registry.npmjs.org/graceful-fs
854 verbose request no auth needed
855 info attempt registry request try #1 at 7:34:01 PM
856 verbose etag "C6066J22CBQKU8O1XVDWWWR62"
857 http request GET https://registry.npmjs.org/graceful-fs
858 verbose request uri https://registry.npmjs.org/github
859 verbose request no auth needed
860 info attempt registry request try #1 at 7:34:01 PM
861 verbose etag "3YPOH6CGMVP6AWTUF0QJYYSWL"
862 http request GET https://registry.npmjs.org/github
863 verbose request uri https://registry.npmjs.org/handlebars
864 verbose request no auth needed
865 info attempt registry request try #1 at 7:34:01 PM
866 verbose etag "CQSGYWSP8L8HT2L1GDM10X4PP"
867 http request GET https://registry.npmjs.org/handlebars
868 verbose request uri https://registry.npmjs.org/inquirer
869 verbose request no auth needed
870 info attempt registry request try #1 at 7:34:01 PM
871 verbose etag "1US5EZNA64RX1HF5JXXT2A2J3"
872 http request GET https://registry.npmjs.org/inquirer
873 verbose request uri https://registry.npmjs.org/insight
874 verbose request no auth needed
875 info attempt registry request try #1 at 7:34:01 PM
876 verbose etag "24YTKCCO1LT984RN1C3SGV0P4"
877 http request GET https://registry.npmjs.org/insight
878 verbose request uri https://registry.npmjs.org/is-root
879 verbose request no auth needed
880 info attempt registry request try #1 at 7:34:01 PM
881 verbose etag "CWOW548IXZ8XYVS8KMOI0A0QQ"
882 http request GET https://registry.npmjs.org/is-root
883 verbose request uri https://registry.npmjs.org/junk
884 verbose request no auth needed
885 info attempt registry request try #1 at 7:34:01 PM
886 verbose etag "8ENIG96XFTBPBWNVIEYG8JXCC"
887 http request GET https://registry.npmjs.org/junk
888 verbose request uri https://registry.npmjs.org/lockfile
889 verbose request no auth needed
890 info attempt registry request try #1 at 7:34:01 PM
891 verbose etag "7AQ24APMOKFMLYGJTO90749B9"
892 http request GET https://registry.npmjs.org/lockfile
893 verbose request uri https://registry.npmjs.org/mkdirp
894 verbose request no auth needed
895 info attempt registry request try #1 at 7:34:01 PM
896 verbose etag "7Y605K6EY0TQ8NQAYCIJWCGLO"
897 http request GET https://registry.npmjs.org/mkdirp
898 verbose request uri https://registry.npmjs.org/lru-cache
899 verbose request no auth needed
900 info attempt registry request try #1 at 7:34:01 PM
901 verbose etag "982M5AFJC69RMSWQXQS5H8HP9"
902 http request GET https://registry.npmjs.org/lru-cache
903 verbose request uri https://registry.npmjs.org/mout
904 verbose request no auth needed
905 info attempt registry request try #1 at 7:34:01 PM
906 verbose etag "4OK9ML6D3U90MYO1LNNEBFTMA"
907 http request GET https://registry.npmjs.org/mout
908 verbose request uri https://registry.npmjs.org/nopt
909 verbose request no auth needed
910 info attempt registry request try #1 at 7:34:01 PM
911 verbose etag "1IA1PCOREFA1D278SXAMNMGJT"
912 http request GET https://registry.npmjs.org/nopt
913 verbose request uri https://registry.npmjs.org/opn
914 verbose request no auth needed
915 info attempt registry request try #1 at 7:34:01 PM
916 verbose etag "89BC556XHZQY8MD5OTKTBR4YY"
917 http request GET https://registry.npmjs.org/opn
918 verbose request uri https://registry.npmjs.org/promptly
919 verbose request no auth needed
920 info attempt registry request try #1 at 7:34:01 PM
921 verbose etag "AGN7MZEP8Z8EC5QSSD16HT5WW"
922 http request GET https://registry.npmjs.org/promptly
923 verbose request uri https://registry.npmjs.org/q
924 verbose request no auth needed
925 info attempt registry request try #1 at 7:34:01 PM
926 verbose etag "CU11C1K03H6XHMEIEXZHYC6DE"
927 http request GET https://registry.npmjs.org/q
928 verbose request uri https://registry.npmjs.org/p-throttler
929 verbose request no auth needed
930 info attempt registry request try #1 at 7:34:01 PM
931 verbose etag "5W7GJZLV9F8IYDR8FXHW0ZNCZ"
932 http request GET https://registry.npmjs.org/p-throttler
933 verbose request uri https://registry.npmjs.org/request
934 verbose request no auth needed
935 info attempt registry request try #1 at 7:34:01 PM
936 verbose etag "6YP0CF4EXRDTDVVTYXJP3F0OO"
937 http request GET https://registry.npmjs.org/request
938 verbose request uri https://registry.npmjs.org/request-progress
939 verbose request no auth needed
940 info attempt registry request try #1 at 7:34:01 PM
941 verbose etag "45Z3LXVQC1VF2WIHD73CKTE0J"
942 http request GET https://registry.npmjs.org/request-progress
943 verbose request uri https://registry.npmjs.org/semver
944 verbose request no auth needed
945 info attempt registry request try #1 at 7:34:01 PM
946 verbose etag "E47UNHNX9XAYTEIY79YAUD0F"
947 http request GET https://registry.npmjs.org/semver
948 verbose request uri https://registry.npmjs.org/rimraf
949 verbose request no auth needed
950 info attempt registry request try #1 at 7:34:01 PM
951 verbose etag "1H54VO41K9J0D07JHAD992Y44"
952 http request GET https://registry.npmjs.org/rimraf
953 verbose request uri https://registry.npmjs.org/shell-quote
954 verbose request no auth needed
955 info attempt registry request try #1 at 7:34:01 PM
956 verbose etag "DL9YS7S3YWMPYWIWBBWEYC3UU"
957 http request GET https://registry.npmjs.org/shell-quote
958 verbose request uri https://registry.npmjs.org/stringify-object
959 verbose request no auth needed
960 info attempt registry request try #1 at 7:34:01 PM
961 verbose etag "8ZIIPEFNFXUPALQV4SDQ1D92P"
962 http request GET https://registry.npmjs.org/stringify-object
963 verbose request uri https://registry.npmjs.org/tmp
964 verbose request no auth needed
965 info attempt registry request try #1 at 7:34:01 PM
966 verbose etag "7CM1KMGUPN12IUM4A3IBJ74EH"
967 http request GET https://registry.npmjs.org/tmp
968 verbose request uri https://registry.npmjs.org/tar-fs
969 verbose request no auth needed
970 info attempt registry request try #1 at 7:34:01 PM
971 verbose etag "12KVOBB6KQAXHUFY7ETX8SSEW"
972 http request GET https://registry.npmjs.org/tar-fs
973 verbose request uri https://registry.npmjs.org/retry
974 verbose request no auth needed
975 info attempt registry request try #1 at 7:34:01 PM
976 verbose etag "33XPCT5X5LKIEECCW7RBHQ5GS"
977 http request GET https://registry.npmjs.org/retry
978 verbose request uri https://registry.npmjs.org/update-notifier
979 verbose request no auth needed
980 info attempt registry request try #1 at 7:34:01 PM
981 verbose etag "A1ZII42P9PPJMNEPIEIER383N"
982 http request GET https://registry.npmjs.org/update-notifier
983 verbose request uri https://registry.npmjs.org/user-home
984 verbose request no auth needed
985 info attempt registry request try #1 at 7:34:01 PM
986 verbose etag "AHHA9WCT7TBLBFI0789FRZEKK"
987 http request GET https://registry.npmjs.org/user-home
988 verbose request uri https://registry.npmjs.org/abbrev
989 verbose request no auth needed
990 info attempt registry request try #1 at 7:34:01 PM
991 verbose etag "F3Q3N6H2H59MS1PC9J6CMODYT"
992 http request GET https://registry.npmjs.org/abbrev
993 verbose request uri https://registry.npmjs.org/which
994 verbose request no auth needed
995 info attempt registry request try #1 at 7:34:01 PM
996 verbose etag "7B2UNGKPTU09FCIK6AQ6YKUQV"
997 http request GET https://registry.npmjs.org/which
998 verbose request uri https://registry.npmjs.org/archy
999 verbose request no auth needed
1000 info attempt registry request try #1 at 7:34:01 PM
1001 verbose etag "A4ZR2B1YYP8ZNNB16W7W9PW5B"
1002 http request GET https://registry.npmjs.org/archy
1003 verbose request uri https://registry.npmjs.org/bower-config
1004 verbose request no auth needed
1005 info attempt registry request try #1 at 7:34:01 PM
1006 verbose etag "2B2D97J9PJFU5GDKGPRKHA7YD"
1007 http request GET https://registry.npmjs.org/bower-config
1008 verbose stack Error: read ECONNRESET
1008 verbose stack     at exports._errnoException (util.js:746:11)
1008 verbose stack     at TCP.onread (net.js:559:26)
1009 verbose cwd C:\Users\Isabel\Desktop\301Main\MainProjectCOS301
1010 error Windows_NT 6.3.9600
1011 error argv "C:\\Program Files\\nodejs\\\\node.exe" "C:\\Program Files\\nodejs\\node_modules\\npm\\bin\\npm-cli.js" "install" "-g" "bower" "--save"
1012 error node v0.12.5
1013 error npm  v2.11.2
1014 error code ECONNRESET
1015 error errno ECONNRESET
1016 error syscall read
1017 error network read ECONNRESET
1017 error network This is most likely not a problem with npm itself
1017 error network and is related to network connectivity.
1017 error network In most cases you are behind a proxy or have bad network settings.
1017 error network
1017 error network If you are behind a proxy, please make sure that the
1017 error network 'proxy' config is set properly.  See: 'npm help config'
1018 verbose exit [ 1, true ]
