\BOOKMARK [1][-]{section.0.1}{Introduction}{}% 1
\BOOKMARK [1][-]{section.0.2}{Vision}{}% 2
\BOOKMARK [1][-]{section.0.3}{Background}{}% 3
\BOOKMARK [1][-]{section.0.4}{Standards and conventions}{}% 4
\BOOKMARK [2][-]{subsection.0.4.1}{Design standards}{section.0.4}% 5
\BOOKMARK [1][-]{section.0.5}{Authentication}{}% 6
\BOOKMARK [2][-]{subsection.0.5.1}{authentication.client.controller}{section.0.5}% 7
\BOOKMARK [2][-]{subsection.0.5.2}{users.authentication.server.controller}{section.0.5}% 8
\BOOKMARK [2][-]{subsection.0.5.3}{users.authorization.server.controller.js}{section.0.5}% 9
\BOOKMARK [1][-]{section.0.6}{Manage Profile}{}% 10
\BOOKMARK [2][-]{subsection.0.6.1}{users.password.server.controller}{section.0.6}% 11
\BOOKMARK [2][-]{subsection.0.6.2}{superuser.client.controller.js}{section.0.6}% 12
\BOOKMARK [2][-]{subsection.0.6.3}{cashier.client.controller.js}{section.0.6}% 13
\BOOKMARK [2][-]{subsection.0.6.4}{finance.client.controller.js}{section.0.6}% 14
\BOOKMARK [2][-]{subsection.0.6.5}{users.profile.server.controller}{section.0.6}% 15
\BOOKMARK [2][-]{subsection.0.6.6}{settings.client.controller}{section.0.6}% 16
\BOOKMARK [2][-]{subsection.0.6.7}{password.client.controller}{section.0.6}% 17
\BOOKMARK [1][-]{section.0.7}{Manage System}{}% 18
\BOOKMARK [2][-]{subsection.0.7.1}{superuser.client.controller.js}{section.0.7}% 19
\BOOKMARK [2][-]{subsection.0.7.2}{users.superuser.server.controller.js}{section.0.7}% 20
\BOOKMARK [1][-]{section.0.8}{Manage Cafeteria}{}% 21
\BOOKMARK [2][-]{subsection.0.8.1}{menuItems.server.controller}{section.0.8}% 22
\BOOKMARK [2][-]{subsection.0.8.2}{menuitems.client.controller}{section.0.8}% 23
\BOOKMARK [1][-]{section.0.9}{Manage Inventory}{}% 24
\BOOKMARK [2][-]{subsection.0.9.1}{inventory.client.controller}{section.0.9}% 25
\BOOKMARK [2][-]{subsection.0.9.2}{inventory.server.controller}{section.0.9}% 26
\BOOKMARK [1][-]{section.0.10}{Place Order}{}% 27
\BOOKMARK [2][-]{subsection.0.10.1}{orders.client.controller.js}{section.0.10}% 28
\BOOKMARK [2][-]{subsection.0.10.2}{orders.server.controller.js}{section.0.10}% 29
\BOOKMARK [1][-]{section.0.11}{Other}{}% 30
\BOOKMARK [2][-]{subsection.0.11.1}{tests.server.controller.js}{section.0.11}% 31
\BOOKMARK [2][-]{subsection.0.11.2}{errors.server.controller.js}{section.0.11}% 32
\BOOKMARK [2][-]{subsection.0.11.3}{core.server.controller.js}{section.0.11}% 33
\BOOKMARK [2][-]{subsection.0.11.4}{header.client.controller.js}{section.0.11}% 34
