\BOOKMARK [1][-]{section.1}{Introduction}{}% 1
\BOOKMARK [1][-]{section.2}{Vision}{}% 2
\BOOKMARK [1][-]{section.3}{Background}{}% 3
\BOOKMARK [1][-]{section.4}{Architecture Requirementss}{}% 4
\BOOKMARK [1][-]{section.5}{Architectural Responsibilities}{}% 5
\BOOKMARK [1][-]{section.6}{Quality Requirements}{}% 6
\BOOKMARK [2][-]{subsection.6.1}{Security}{section.6}% 7
\BOOKMARK [3][-]{subsubsection.6.1.1}{Reasons for security as a quality requirement}{subsection.6.1}% 8
\BOOKMARK [3][-]{subsubsection.6.1.2}{Strategies to achieve this quality requirement}{subsection.6.1}% 9
\BOOKMARK [3][-]{subsubsection.6.1.3}{Pattern to achieve these strategies}{subsection.6.1}% 10
\BOOKMARK [2][-]{subsection.6.2}{Usability}{section.6}% 11
\BOOKMARK [3][-]{subsubsection.6.2.1}{Reasons for usability as a quality requirement}{subsection.6.2}% 12
\BOOKMARK [3][-]{subsubsection.6.2.2}{Strategies to achieve this quality requirement}{subsection.6.2}% 13
\BOOKMARK [3][-]{subsubsection.6.2.3}{Patterns to achieve these strategies}{subsection.6.2}% 14
\BOOKMARK [2][-]{subsection.6.3}{Reliability}{section.6}% 15
\BOOKMARK [3][-]{subsubsection.6.3.1}{Reasons for reliability as a quality requirement}{subsection.6.3}% 16
\BOOKMARK [3][-]{subsubsection.6.3.2}{Strategies to achieve this quality requirement}{subsection.6.3}% 17
\BOOKMARK [3][-]{subsubsection.6.3.3}{Patterns to achieve these strategies}{subsection.6.3}% 18
\BOOKMARK [2][-]{subsection.6.4}{Auditability}{section.6}% 19
\BOOKMARK [3][-]{subsubsection.6.4.1}{Reasons for auditability as a quality requirement}{subsection.6.4}% 20
\BOOKMARK [3][-]{subsubsection.6.4.2}{Strategies to achieve this quality requirement}{subsection.6.4}% 21
\BOOKMARK [3][-]{subsubsection.6.4.3}{Patterns to achieve these strategies}{subsection.6.4}% 22
\BOOKMARK [2][-]{subsection.6.5}{Scalability}{section.6}% 23
\BOOKMARK [3][-]{subsubsection.6.5.1}{Reasons for scalibility as a quality requirement}{subsection.6.5}% 24
\BOOKMARK [3][-]{subsubsection.6.5.2}{Strategies to achieve this quality requirement}{subsection.6.5}% 25
\BOOKMARK [3][-]{subsubsection.6.5.3}{Patterns to achieve these strategies}{subsection.6.5}% 26
