This is pdfTeX, Version 3.1415926-2.5-1.40.14 (TeX Live 2013/Debian) (format=pdflatex 2015.4.23)  21 OCT 2015 13:19
entering extended mode
 restricted \write18 enabled.
 %&-line parsing enabled.
**"User Manual.tex"
(./User Manual.tex
LaTeX2e <2011/06/27>
Babel <3.9h> and hyphenation patterns for 2 languages loaded.
(/usr/share/texlive/texmf-dist/tex/latex/base/report.cls
Document Class: report 2007/10/19 v1.4h Standard LaTeX document class
(/usr/share/texlive/texmf-dist/tex/latex/base/size12.clo
File: size12.clo 2007/10/19 v1.4h Standard LaTeX file (size option)
)
\c@part=\count79
\c@chapter=\count80
\c@section=\count81
\c@subsection=\count82
\c@subsubsection=\count83
\c@paragraph=\count84
\c@subparagraph=\count85
\c@figure=\count86
\c@table=\count87
\abovecaptionskip=\skip41
\belowcaptionskip=\skip42
\bibindent=\dimen102
)
(/usr/share/texlive/texmf-dist/tex/latex/hyperref/hyperref.sty
Package: hyperref 2012/11/06 v6.83m Hypertext links for LaTeX

(/usr/share/texlive/texmf-dist/tex/generic/oberdiek/hobsub-hyperref.sty
Package: hobsub-hyperref 2012/05/28 v1.13 Bundle oberdiek, subset hyperref (HO)


(/usr/share/texlive/texmf-dist/tex/generic/oberdiek/hobsub-generic.sty
Package: hobsub-generic 2012/05/28 v1.13 Bundle oberdiek, subset generic (HO)
Package: hobsub 2012/05/28 v1.13 Construct package bundles (HO)
Package: infwarerr 2010/04/08 v1.3 Providing info/warning/error messages (HO)
Package: ltxcmds 2011/11/09 v1.22 LaTeX kernel commands for general use (HO)
Package: ifluatex 2010/03/01 v1.3 Provides the ifluatex switch (HO)
Package ifluatex Info: LuaTeX not detected.
Package: ifvtex 2010/03/01 v1.5 Detect VTeX and its facilities (HO)
Package ifvtex Info: VTeX not detected.
Package: intcalc 2007/09/27 v1.1 Expandable calculations with integers (HO)
Package: ifpdf 2011/01/30 v2.3 Provides the ifpdf switch (HO)
Package ifpdf Info: pdfTeX in PDF mode is detected.
Package: etexcmds 2011/02/16 v1.5 Avoid name clashes with e-TeX commands (HO)
Package etexcmds Info: Could not find \expanded.
(etexcmds)             That can mean that you are not using pdfTeX 1.50 or
(etexcmds)             that some package has redefined \expanded.
(etexcmds)             In the latter case, load this package earlier.
Package: kvsetkeys 2012/04/25 v1.16 Key value parser (HO)
Package: kvdefinekeys 2011/04/07 v1.3 Define keys (HO)
Package: pdftexcmds 2011/11/29 v0.20 Utility functions of pdfTeX for LuaTeX (HO
)
Package pdftexcmds Info: LuaTeX not detected.
Package pdftexcmds Info: \pdf@primitive is available.
Package pdftexcmds Info: \pdf@ifprimitive is available.
Package pdftexcmds Info: \pdfdraftmode found.
Package: pdfescape 2011/11/25 v1.13 Implements pdfTeX's escape features (HO)
Package: bigintcalc 2012/04/08 v1.3 Expandable calculations on big integers (HO
)
Package: bitset 2011/01/30 v1.1 Handle bit-vector datatype (HO)
Package: uniquecounter 2011/01/30 v1.2 Provide unlimited unique counter (HO)
)
Package hobsub Info: Skipping package `hobsub' (already loaded).
Package: letltxmacro 2010/09/02 v1.4 Let assignment for LaTeX macros (HO)
Package: hopatch 2012/05/28 v1.2 Wrapper for package hooks (HO)
Package: xcolor-patch 2011/01/30 xcolor patch
Package: atveryend 2011/06/30 v1.8 Hooks at the very end of document (HO)
Package atveryend Info: \enddocument detected (standard20110627).
Package: atbegshi 2011/10/05 v1.16 At begin shipout hook (HO)
Package: refcount 2011/10/16 v3.4 Data extraction from label references (HO)
Package: hycolor 2011/01/30 v1.7 Color options for hyperref/bookmark (HO)
)
(/usr/share/texlive/texmf-dist/tex/latex/graphics/keyval.sty
Package: keyval 1999/03/16 v1.13 key=value parser (DPC)
\KV@toks@=\toks14
)
(/usr/share/texlive/texmf-dist/tex/generic/ifxetex/ifxetex.sty
Package: ifxetex 2010/09/12 v0.6 Provides ifxetex conditional
)
(/usr/share/texlive/texmf-dist/tex/latex/oberdiek/auxhook.sty
Package: auxhook 2011/03/04 v1.3 Hooks for auxiliary files (HO)
)
(/usr/share/texlive/texmf-dist/tex/latex/oberdiek/kvoptions.sty
Package: kvoptions 2011/06/30 v3.11 Key value format for package options (HO)
)
\@linkdim=\dimen103
\Hy@linkcounter=\count88
\Hy@pagecounter=\count89

(/usr/share/texlive/texmf-dist/tex/latex/hyperref/pd1enc.def
File: pd1enc.def 2012/11/06 v6.83m Hyperref: PDFDocEncoding definition (HO)
)
\Hy@SavedSpaceFactor=\count90

(/usr/share/texlive/texmf-dist/tex/latex/latexconfig/hyperref.cfg
File: hyperref.cfg 2002/06/06 v1.2 hyperref configuration of TeXLive
)
Package hyperref Info: Hyper figures OFF on input line 4443.
Package hyperref Info: Link nesting OFF on input line 4448.
Package hyperref Info: Hyper index ON on input line 4451.
Package hyperref Info: Plain pages OFF on input line 4458.
Package hyperref Info: Backreferencing OFF on input line 4463.
Package hyperref Info: Implicit mode ON; LaTeX internals redefined.
Package hyperref Info: Bookmarks ON on input line 4688.
\c@Hy@tempcnt=\count91

(/usr/share/texlive/texmf-dist/tex/latex/url/url.sty
\Urlmuskip=\muskip10
Package: url 2013/09/16  ver 3.4  Verb mode for urls, etc.
)
LaTeX Info: Redefining \url on input line 5041.
\XeTeXLinkMargin=\dimen104
\Fld@menulength=\count92
\Field@Width=\dimen105
\Fld@charsize=\dimen106
Package hyperref Info: Hyper figures OFF on input line 6295.
Package hyperref Info: Link nesting OFF on input line 6300.
Package hyperref Info: Hyper index ON on input line 6303.
Package hyperref Info: backreferencing OFF on input line 6310.
Package hyperref Info: Link coloring OFF on input line 6315.
Package hyperref Info: Link coloring with OCG OFF on input line 6320.
Package hyperref Info: PDF/A mode OFF on input line 6325.
LaTeX Info: Redefining \ref on input line 6365.
LaTeX Info: Redefining \pageref on input line 6369.
\Hy@abspage=\count93
\c@Item=\count94
\c@Hfootnote=\count95
)

Package hyperref Message: Driver (autodetected): hpdftex.

(/usr/share/texlive/texmf-dist/tex/latex/hyperref/hpdftex.def
File: hpdftex.def 2012/11/06 v6.83m Hyperref driver for pdfTeX
\Fld@listcount=\count96
\c@bookmark@seq@number=\count97

(/usr/share/texlive/texmf-dist/tex/latex/oberdiek/rerunfilecheck.sty
Package: rerunfilecheck 2011/04/15 v1.7 Rerun checks for auxiliary files (HO)
Package uniquecounter Info: New unique counter `rerunfilecheck' on input line 2
82.
)
\Hy@SectionHShift=\skip43
)
(/usr/share/texlive/texmf-dist/tex/latex/graphics/graphicx.sty
Package: graphicx 1999/02/16 v1.0f Enhanced LaTeX Graphics (DPC,SPQR)

(/usr/share/texlive/texmf-dist/tex/latex/graphics/graphics.sty
Package: graphics 2009/02/05 v1.0o Standard LaTeX Graphics (DPC,SPQR)

(/usr/share/texlive/texmf-dist/tex/latex/graphics/trig.sty
Package: trig 1999/03/16 v1.09 sin cos tan (DPC)
)
(/usr/share/texlive/texmf-dist/tex/latex/latexconfig/graphics.cfg
File: graphics.cfg 2010/04/23 v1.9 graphics configuration of TeX Live
)
Package graphics Info: Driver file: pdftex.def on input line 91.

(/usr/share/texlive/texmf-dist/tex/latex/pdftex-def/pdftex.def
File: pdftex.def 2011/05/27 v0.06d Graphics/color for pdfTeX
\Gread@gobject=\count98
))
\Gin@req@height=\dimen107
\Gin@req@width=\dimen108
)
(/usr/share/texlive/texmf-dist/tex/latex/float/float.sty
Package: float 2001/11/08 v1.3d Float enhancements (AL)
\c@float@type=\count99
\float@exts=\toks15
\float@box=\box26
\@float@everytoks=\toks16
\@floatcapt=\box27
)
(/usr/share/texlive/texmf-dist/tex/latex/caption/caption.sty
Package: caption 2013/05/02 v3.3-89 Customizing captions (AR)

(/usr/share/texlive/texmf-dist/tex/latex/caption/caption3.sty
Package: caption3 2013/05/02 v1.6-88 caption3 kernel (AR)
Package caption3 Info: TeX engine: e-TeX on input line 57.
\captionmargin=\dimen109
\captionmargin@=\dimen110
\captionwidth=\dimen111
\caption@tempdima=\dimen112
\caption@indent=\dimen113
\caption@parindent=\dimen114
\caption@hangindent=\dimen115
)
\c@ContinuedFloat=\count100
Package caption Info: float package is loaded.
Package caption Info: hyperref package is loaded.
)
(/usr/share/texlive/texmf-dist/tex/latex/tools/array.sty
Package: array 2008/09/09 v2.4c Tabular extension package (FMi)
\col@sep=\dimen116
\extrarowheight=\dimen117
\NC@list=\toks17
\extratabsurround=\skip44
\backup@length=\skip45
)
(/usr/share/texlive/texmf-dist/tex/latex/tabu/tabu.sty
Package: tabu 2011/02/26 v2.8 - flexible LaTeX tabulars (FC)

(/usr/share/texlive/texmf-dist/tex/latex/varwidth/varwidth.sty
Package: varwidth 2009/03/30 ver 0.92;  Variable-width minipages
\@vwid@box=\box28
\sift@deathcycles=\count101
\@vwid@loff=\dimen118
\@vwid@roff=\dimen119
)
\c@taburow=\count102
\tabu@nbcols=\count103
\tabu@cnt=\count104
\tabu@Xcol=\count105
\tabu@alloc=\count106
\tabu@nested=\count107
\tabu@target=\dimen120
\tabu@spreadtarget=\dimen121
\tabu@naturalX=\dimen122
\tabucolX=\dimen123
\tabu@Xsum=\dimen124
\extrarowdepth=\dimen125
\abovetabulinesep=\dimen126
\belowtabulinesep=\dimen127
\tabustrutrule=\dimen128
\tabu@thebody=\toks18
\tabu@footnotes=\toks19
\tabu@box=\box29
\tabu@arstrutbox=\box30
\tabu@hleads=\box31
\tabu@vleads=\box32
\tabu@cellskip=\skip46
)
(/usr/share/texlive/texmf-dist/tex/latex/titlepic/titlepic.sty
Package: titlepic 2009/08/03 1.1 Package to display a picture on the title page

)
(./User Manual.aux)
\openout1 = `"User Manual.aux"'.

LaTeX Font Info:    Checking defaults for OML/cmm/m/it on input line 33.
LaTeX Font Info:    ... okay on input line 33.
LaTeX Font Info:    Checking defaults for T1/cmr/m/n on input line 33.
LaTeX Font Info:    ... okay on input line 33.
LaTeX Font Info:    Checking defaults for OT1/cmr/m/n on input line 33.
LaTeX Font Info:    ... okay on input line 33.
LaTeX Font Info:    Checking defaults for OMS/cmsy/m/n on input line 33.
LaTeX Font Info:    ... okay on input line 33.
LaTeX Font Info:    Checking defaults for OMX/cmex/m/n on input line 33.
LaTeX Font Info:    ... okay on input line 33.
LaTeX Font Info:    Checking defaults for U/cmr/m/n on input line 33.
LaTeX Font Info:    ... okay on input line 33.
LaTeX Font Info:    Checking defaults for PD1/pdf/m/n on input line 33.
LaTeX Font Info:    ... okay on input line 33.
\AtBeginShipoutBox=\box33
Package hyperref Info: Link coloring OFF on input line 33.

(/usr/share/texlive/texmf-dist/tex/latex/hyperref/nameref.sty
Package: nameref 2012/10/27 v2.43 Cross-referencing by name of section

(/usr/share/texlive/texmf-dist/tex/generic/oberdiek/gettitlestring.sty
Package: gettitlestring 2010/12/03 v1.4 Cleanup title references (HO)
)
\c@section@level=\count108
)
LaTeX Info: Redefining \ref on input line 33.
LaTeX Info: Redefining \pageref on input line 33.
LaTeX Info: Redefining \nameref on input line 33.

(./User Manual.out) (./User Manual.out)
\@outlinefile=\write3
\openout3 = `"User Manual.out"'.


(/usr/share/texlive/texmf-dist/tex/context/base/supp-pdf.mkii
[Loading MPS to PDF converter (version 2006.09.02).]
\scratchcounter=\count109
\scratchdimen=\dimen129
\scratchbox=\box34
\nofMPsegments=\count110
\nofMParguments=\count111
\everyMPshowfont=\toks20
\MPscratchCnt=\count112
\MPscratchDim=\dimen130
\MPnumerator=\count113
\makeMPintoPDFobject=\count114
\everyMPtoPDFconversion=\toks21
) (/usr/share/texlive/texmf-dist/tex/latex/oberdiek/epstopdf-base.sty
Package: epstopdf-base 2010/02/09 v2.5 Base part for package epstopdf

(/usr/share/texlive/texmf-dist/tex/latex/oberdiek/grfext.sty
Package: grfext 2010/08/19 v1.1 Manage graphics extensions (HO)
)
Package grfext Info: Graphics extension search list:
(grfext)             [.png,.pdf,.jpg,.mps,.jpeg,.jbig2,.jb2,.PNG,.PDF,.JPG,.JPE
G,.JBIG2,.JB2,.eps]
(grfext)             \AppendGraphicsExtensions on input line 452.

(/usr/share/texlive/texmf-dist/tex/latex/latexconfig/epstopdf-sys.cfg
File: epstopdf-sys.cfg 2010/07/13 v1.3 Configuration of (r)epstopdf for TeX Liv
e
))
Package caption Info: Begin \AtBeginDocument code.
Package caption Info: End \AtBeginDocument code.
LaTeX Font Info:    External font `cmex10' loaded for size
(Font)              <14.4> on input line 34.
LaTeX Font Info:    External font `cmex10' loaded for size
(Font)              <7> on input line 34.

<../images/dddd.png, id=68, 509.905pt x 365.365pt>
File: ../images/dddd.png Graphic file (type png)
 <use ../images/dddd.png>
Package pdftex.def Info: ../images/dddd.png used on input line 34.
(pdftex.def)             Requested size: 272.99881pt x 195.62166pt.

[1

{/var/lib/texmf/fonts/map/pdftex/updmap/pdftex.map} <../images/dddd.png (PNG co
py)>] (./User Manual.toc)
\tf@toc=\write4
\openout4 = `"User Manual.toc"'.

pdfTeX warning (ext4): destination with the same identifier (name{page.1}) has 
been already used, duplicate ignored
<to be read again> 
                   \relax 
l.39 \break
            [1

] <../images/cmslogo.jpg, id=82, 162.6075pt x 178.6675pt>
File: ../images/cmslogo.jpg Graphic file (type jpg)

<use ../images/cmslogo.jpg>
Package pdftex.def Info: ../images/cmslogo.jpg used on input line 44.
(pdftex.def)             Requested size: 117.00119pt x 128.5587pt.
LaTeX Font Info:    External font `cmex10' loaded for size
(Font)              <12> on input line 46.
LaTeX Font Info:    External font `cmex10' loaded for size
(Font)              <8> on input line 46.
LaTeX Font Info:    External font `cmex10' loaded for size
(Font)              <6> on input line 46.

Overfull \hbox (82.83777pt too wide) in paragraph at lines 62--90
 [][] 
 []


LaTeX Warning: Float too large for page by 163.64922pt on input line 90.


LaTeX Warning: `!h' float specifier changed to `!ht'.

[2 <../images/cmslogo.jpg>]
Underfull \hbox (badness 10000) in paragraph at lines 110--115

 []

[3]
Underfull \hbox (badness 10000) in paragraph at lines 116--117

 []


Underfull \hbox (badness 10000) in paragraph at lines 120--126

 []

[4] <screenshots/ServerClients.png, id=96, 599.99156pt x 425.33907pt>
File: screenshots/ServerClients.png Graphic file (type png)

<use screenshots/ServerClients.png>
Package pdftex.def Info: screenshots/ServerClients.png used on input line 130.
(pdftex.def)             Requested size: 390.0pt x 276.48009pt.
 [5]
Underfull \hbox (badness 10000) in paragraph at lines 139--144

 []


Underfull \hbox (badness 10000) in paragraph at lines 139--144

 []

[6 <./screenshots/ServerClients.png>]
Underfull \hbox (badness 10000) in paragraph at lines 151--160

 []


Overfull \hbox (20.5502pt too wide) in paragraph at lines 151--160
[]$\OT1/cmtt/m/n/12 https : / / git-[]scm . com / book / en / v2 / Git-[]Basics
-[]Getting-[]a-[]Git-[]Repository$[]
 []


Underfull \hbox (badness 10000) in paragraph at lines 151--160

 []


Underfull \hbox (badness 10000) in paragraph at lines 169--172

 []


Underfull \hbox (badness 10000) in paragraph at lines 169--172

 []

LaTeX Font Info:    Try loading font information for OMS+cmr on input line 173.

(/usr/share/texlive/texmf-dist/tex/latex/base/omscmr.fd
File: omscmr.fd 1999/05/25 v2.5h Standard LaTeX font definitions
)
LaTeX Font Info:    Font shape `OMS/cmr/m/n' in size <12> not available
(Font)              Font shape `OMS/cmsy/m/n' tried instead on input line 173.
 [7]
Underfull \hbox (badness 10000) in paragraph at lines 192--195

 []


Underfull \hbox (badness 10000) in paragraph at lines 192--195

 []

<screenshots/MongoDB.png, id=118, 509.65407pt x 257.46187pt>
File: screenshots/MongoDB.png Graphic file (type png)

<use screenshots/MongoDB.png>
Package pdftex.def Info: screenshots/MongoDB.png used on input line 198.
(pdftex.def)             Requested size: 390.0pt x 197.02446pt.

Underfull \hbox (badness 10000) in paragraph at lines 202--203

 []


Underfull \hbox (badness 10000) in paragraph at lines 202--203

 []

<screenshots/gruntOutput.png, id=120, 510.40688pt x 294.34969pt>
File: screenshots/gruntOutput.png Graphic file (type png)

<use screenshots/gruntOutput.png>
Package pdftex.def Info: screenshots/gruntOutput.png used on input line 210.
(pdftex.def)             Requested size: 390.0pt x 224.92075pt.
 [8 <./screenshots/MongoDB.png>]
Underfull \hbox (badness 10000) in paragraph at lines 214--216

 []


Underfull \hbox (badness 10000) in paragraph at lines 221--222

 []


Underfull \hbox (badness 10000) in paragraph at lines 225--227

 []

[9 <./screenshots/gruntOutput.png>]
Underfull \hbox (badness 10000) in paragraph at lines 228--231

 []


Underfull \hbox (badness 10000) in paragraph at lines 232--235

 []


Underfull \hbox (badness 10000) in paragraph at lines 236--238

 []


Underfull \hbox (badness 10000) in paragraph at lines 239--240

 []

<screenshots/sign/signUp.png, id=133, 1606.0pt x 903.375pt>
File: screenshots/sign/signUp.png Graphic file (type png)

<use screenshots/sign/signUp.png>
Package pdftex.def Info: screenshots/sign/signUp.png used on input line 248.
(pdftex.def)             Requested size: 390.0pt x 219.37833pt.
 [10]
<screenshots/sign/signUpPage.png, id=138, 1606.0pt x 903.375pt>
File: screenshots/sign/signUpPage.png Graphic file (type png)

<use screenshots/sign/signUpPage.png>
Package pdftex.def Info: screenshots/sign/signUpPage.png used on input line 256
.
(pdftex.def)             Requested size: 390.0pt x 219.37833pt.
 [11 <./screenshots/sign/signUp.png>]
Underfull \hbox (badness 10000) in paragraph at lines 260--263

 []


Underfull \hbox (badness 10000) in paragraph at lines 264--265

 []

<screenshots/sign/signIn.png, id=144, 1606.0pt x 903.375pt>
File: screenshots/sign/signIn.png Graphic file (type png)

<use screenshots/sign/signIn.png>
Package pdftex.def Info: screenshots/sign/signIn.png used on input line 274.
(pdftex.def)             Requested size: 390.0pt x 219.37833pt.
 [12 <./screenshots/sign/signUpPage.png>]
<screenshots/sign/signInPage.png, id=151, 1606.0pt x 903.375pt>
File: screenshots/sign/signInPage.png Graphic file (type png)

<use screenshots/sign/signInPage.png>
Package pdftex.def Info: screenshots/sign/signInPage.png used on input line 282
.
(pdftex.def)             Requested size: 390.0pt x 219.37833pt.
 [13 <./screenshots/sign/signIn.png> <./screenshots/sign/signInPage.png>]
<screenshots/ForgotPass.png, id=159, 1606.0pt x 903.375pt>
File: screenshots/ForgotPass.png Graphic file (type png)

<use screenshots/ForgotPass.png>
Package pdftex.def Info: screenshots/ForgotPass.png used on input line 291.
(pdftex.def)             Requested size: 390.0pt x 219.37833pt.

Underfull \hbox (badness 10000) in paragraph at lines 295--296

 []

<screenshots/emailSentForPass.png, id=160, 1606.0pt x 903.375pt>
File: screenshots/emailSentForPass.png Graphic file (type png)

<use screenshots/emailSentForPass.png>
Package pdftex.def Info: screenshots/emailSentForPass.png used on input line 30
1.
(pdftex.def)             Requested size: 390.0pt x 219.37833pt.
 [14 <./screenshots/ForgotPass.png>]
<screenshots/newPassForPass.png, id=166, 1606.0pt x 903.375pt>
File: screenshots/newPassForPass.png Graphic file (type png)

<use screenshots/newPassForPass.png>
Package pdftex.def Info: screenshots/newPassForPass.png used on input line 307.

(pdftex.def)             Requested size: 390.0pt x 219.37833pt.
 [15 <./screenshots/emailSentForPass.png> <./screenshots/newPassForPass.png>]
<screenshots/sign/homepage.png, id=173, 1606.0pt x 903.375pt>
File: screenshots/sign/homepage.png Graphic file (type png)

<use screenshots/sign/homepage.png>
Package pdftex.def Info: screenshots/sign/homepage.png used on input line 325.
(pdftex.def)             Requested size: 390.0pt x 219.37833pt.
 [16 <./screenshots/sign/homepage.png>]
Underfull \hbox (badness 10000) in paragraph at lines 340--343

 []

<screenshots/sign/homepage2.png, id=185, 1606.0pt x 903.375pt>
File: screenshots/sign/homepage2.png Graphic file (type png)

<use screenshots/sign/homepage2.png>
Package pdftex.def Info: screenshots/sign/homepage2.png used on input line 351.

(pdftex.def)             Requested size: 390.0pt x 219.37833pt.

Underfull \hbox (badness 10000) in paragraph at lines 356--357

 []

[17 <./screenshots/sign/homepage2.png>]
Underfull \hbox (badness 10000) in paragraph at lines 372--374

 []


Underfull \hbox (badness 10000) in paragraph at lines 375--377

 []

[18] <screenshots/superUserMenu.png, id=209, 1606.0pt x 903.375pt>
File: screenshots/superUserMenu.png Graphic file (type png)

<use screenshots/superUserMenu.png>
Package pdftex.def Info: screenshots/superUserMenu.png used on input line 380.
(pdftex.def)             Requested size: 390.0pt x 219.37833pt.

Underfull \hbox (badness 10000) in paragraph at lines 385--387

 []

<screenshots/cafeteriaMenu.png, id=210, 1606.0pt x 903.375pt>
File: screenshots/cafeteriaMenu.png Graphic file (type png)

<use screenshots/cafeteriaMenu.png>
Package pdftex.def Info: screenshots/cafeteriaMenu.png used on input line 390.
(pdftex.def)             Requested size: 390.0pt x 219.37833pt.
 [19 <./screenshots/superUserMenu.png>]
Underfull \hbox (badness 10000) in paragraph at lines 394--396

 []

<screenshots/financeMenu.png, id=216, 1606.0pt x 903.375pt>
File: screenshots/financeMenu.png Graphic file (type png)

<use screenshots/financeMenu.png>
Package pdftex.def Info: screenshots/financeMenu.png used on input line 399.
(pdftex.def)             Requested size: 390.0pt x 219.37833pt.

<screenshots/cashierMenu.png, id=217, 1606.0pt x 903.375pt>
File: screenshots/cashierMenu.png Graphic file (type png)

<use screenshots/cashierMenu.png>
Package pdftex.def Info: screenshots/cashierMenu.png used on input line 407.
(pdftex.def)             Requested size: 390.0pt x 219.37833pt.
 [20 <./screenshots/cafeteriaMenu.png> <./screenshots/financeMenu.png>]
<screenshots/beforePasta.png, id=224, 1606.0pt x 903.375pt>
File: screenshots/beforePasta.png Graphic file (type png)

<use screenshots/beforePasta.png>
Package pdftex.def Info: screenshots/beforePasta.png used on input line 419.
(pdftex.def)             Requested size: 390.0pt x 219.37833pt.
 [21 <./screenshots/cashierMenu.png>]
<screenshots/searchCheese.png, id=231, 1606.0pt x 903.375pt>
File: screenshots/searchCheese.png Graphic file (type png)

<use screenshots/searchCheese.png>
Package pdftex.def Info: screenshots/searchCheese.png used on input line 426.
(pdftex.def)             Requested size: 390.0pt x 219.37833pt.

<screenshots/catMenu.png, id=232, 1606.0pt x 903.375pt>
File: screenshots/catMenu.png Graphic file (type png)

<use screenshots/catMenu.png>
Package pdftex.def Info: screenshots/catMenu.png used on input line 432.
(pdftex.def)             Requested size: 390.0pt x 219.37833pt.
 [22 <./screenshots/beforePasta.png> <./screenshots/searchCheese.png>]
<screenshots/addToPlate.png, id=239, 1606.0pt x 903.375pt>
File: screenshots/addToPlate.png Graphic file (type png)

<use screenshots/addToPlate.png>
Package pdftex.def Info: screenshots/addToPlate.png used on input line 438.
(pdftex.def)             Requested size: 390.0pt x 219.37833pt.
 [23 <./screenshots/catMenu.png> <./screenshots/addToPlate.png>] <screenshots/v
iewOrder1.png, id=246, 1606.0pt x 903.375pt>
File: screenshots/viewOrder1.png Graphic file (type png)

<use screenshots/viewOrder1.png>
Package pdftex.def Info: screenshots/viewOrder1.png used on input line 448.
(pdftex.def)             Requested size: 390.0pt x 219.37833pt.

<screenshots/viewOrder2.png, id=247, 1606.0pt x 903.375pt>
File: screenshots/viewOrder2.png Graphic file (type png)

<use screenshots/viewOrder2.png>
Package pdftex.def Info: screenshots/viewOrder2.png used on input line 453.
(pdftex.def)             Requested size: 390.0pt x 219.37833pt.

<screenshots/viewOrder3.png, id=248, 1606.0pt x 903.375pt>
File: screenshots/viewOrder3.png Graphic file (type png)

<use screenshots/viewOrder3.png>
Package pdftex.def Info: screenshots/viewOrder3.png used on input line 458.
(pdftex.def)             Requested size: 390.0pt x 219.37833pt.
 [24 <./screenshots/viewOrder1.png>] [25 <./screenshots/viewOrder2.png> <./scre
enshots/viewOrder3.png>]
<screenshots/notifications.png, id=262, 1606.0pt x 903.375pt>
File: screenshots/notifications.png Graphic file (type png)

<use screenshots/notifications.png>
Package pdftex.def Info: screenshots/notifications.png used on input line 467.
(pdftex.def)             Requested size: 390.0pt x 219.37833pt.

<screenshots/editProfile.png, id=263, 1606.0pt x 903.375pt>
File: screenshots/editProfile.png Graphic file (type png)

<use screenshots/editProfile.png>
Package pdftex.def Info: screenshots/editProfile.png used on input line 478.
(pdftex.def)             Requested size: 390.0pt x 219.37833pt.
 [26 <./screenshots/notifications.png>]
<screenshots/limitExeeds.png, id=271, 314.17375pt x 70.2625pt>
File: screenshots/limitExeeds.png Graphic file (type png)

<use screenshots/limitExeeds.png>
Package pdftex.def Info: screenshots/limitExeeds.png used on input line 484.
(pdftex.def)             Requested size: 390.0pt x 87.22429pt.

<screenshots/viewProfile.png, id=272, 1606.0pt x 903.375pt>
File: screenshots/viewProfile.png Graphic file (type png)

<use screenshots/viewProfile.png>
Package pdftex.def Info: screenshots/viewProfile.png used on input line 494.
(pdftex.def)             Requested size: 390.0pt x 219.37833pt.
 [27 <./screenshots/editProfile.png> <./screenshots/limitExeeds.png>]
<screenshots/changePassDontMatch.png, id=281, 1606.0pt x 903.375pt>
File: screenshots/changePassDontMatch.png Graphic file (type png)

<use screenshots/changePassDontMatch.png>
Package pdftex.def Info: screenshots/changePassDontMatch.png used on input line
 504.
(pdftex.def)             Requested size: 390.0pt x 219.37833pt.
 [28 <./screenshots/viewProfile.png>]
<screenshots/assignRole.png, id=288, 1606.0pt x 903.375pt>
File: screenshots/assignRole.png Graphic file (type png)

<use screenshots/assignRole.png>
Package pdftex.def Info: screenshots/assignRole.png used on input line 513.
(pdftex.def)             Requested size: 390.0pt x 219.37833pt.
 [29 <./screenshots/changePassDontMatch.png>]
<screenshots/changeEmplid.png, id=295, 1606.0pt x 903.375pt>
File: screenshots/changeEmplid.png Graphic file (type png)

<use screenshots/changeEmplid.png>
Package pdftex.def Info: screenshots/changeEmplid.png used on input line 519.
(pdftex.def)             Requested size: 390.0pt x 219.37833pt.

<screenshots/removeUser.png, id=296, 1606.0pt x 903.375pt>
File: screenshots/removeUser.png Graphic file (type png)

<use screenshots/removeUser.png>
Package pdftex.def Info: screenshots/removeUser.png used on input line 525.
(pdftex.def)             Requested size: 390.0pt x 219.37833pt.
 [30 <./screenshots/assignRole.png> <./screenshots/changeEmplid.png>]
<screenshots/setLimit.png, id=305, 1606.0pt x 903.375pt>
File: screenshots/setLimit.png Graphic file (type png)

<use screenshots/setLimit.png>
Package pdftex.def Info: screenshots/setLimit.png used on input line 531.
(pdftex.def)             Requested size: 390.0pt x 219.37833pt.

<screenshots/auditsAll.png, id=306, 1606.0pt x 903.375pt>
File: screenshots/auditsAll.png Graphic file (type png)

<use screenshots/auditsAll.png>
Package pdftex.def Info: screenshots/auditsAll.png used on input line 539.
(pdftex.def)             Requested size: 390.0pt x 219.37833pt.
 [31 <./screenshots/removeUser.png> <./screenshots/setLimit.png>] <screenshots/
Menu_001.png, id=313, 185.69376pt x 170.6375pt>
File: screenshots/Menu_001.png Graphic file (type png)

<use screenshots/Menu_001.png>
Package pdftex.def Info: screenshots/Menu_001.png used on input line 545.
(pdftex.def)             Requested size: 390.0pt x 358.38835pt.
 [32 <./screenshots/auditsAll.png>]
<screenshots/auditRole.png, id=320, 1606.0pt x 903.375pt>
File: screenshots/auditRole.png Graphic file (type png)

<use screenshots/auditRole.png>
Package pdftex.def Info: screenshots/auditRole.png used on input line 551.
(pdftex.def)             Requested size: 390.0pt x 219.37833pt.
 [33 <./screenshots/Menu_001.png>]
<screenshots/canteenName.png, id=327, 1606.0pt x 903.375pt>
File: screenshots/canteenName.png Graphic file (type png)

<use screenshots/canteenName.png>
Package pdftex.def Info: screenshots/canteenName.png used on input line 559.
(pdftex.def)             Requested size: 390.0pt x 219.37833pt.
 [34 <./screenshots/auditRole.png>]
<screenshots/setTheme1.png, id=334, 1606.0pt x 903.375pt>
File: screenshots/setTheme1.png Graphic file (type png)

<use screenshots/setTheme1.png>
Package pdftex.def Info: screenshots/setTheme1.png used on input line 565.
(pdftex.def)             Requested size: 390.0pt x 219.37833pt.

<screenshots/setTheme2.png, id=335, 1606.0pt x 903.375pt>
File: screenshots/setTheme2.png Graphic file (type png)

<use screenshots/setTheme2.png>
Package pdftex.def Info: screenshots/setTheme2.png used on input line 571.
(pdftex.def)             Requested size: 390.0pt x 219.37833pt.
 [35 <./screenshots/canteenName.png> <./screenshots/setTheme1.png>]
<screenshots/addContactInfo.png, id=342, 1606.0pt x 903.375pt>
File: screenshots/addContactInfo.png Graphic file (type png)

<use screenshots/addContactInfo.png>
Package pdftex.def Info: screenshots/addContactInfo.png used on input line 577.

(pdftex.def)             Requested size: 390.0pt x 219.37833pt.

<screenshots/coverImage.png, id=343, 1606.0pt x 903.375pt>
File: screenshots/coverImage.png Graphic file (type png)

<use screenshots/coverImage.png>
Package pdftex.def Info: screenshots/coverImage.png used on input line 583.
(pdftex.def)             Requested size: 390.0pt x 219.37833pt.
 [36 <./screenshots/setTheme2.png> <./screenshots/addContactInfo.png>]
File: screenshots/coverImage.png Graphic file (type png)
 <use screenshots/coverImage.png>
Package pdftex.def Info: screenshots/coverImage.png used on input line 589.
(pdftex.def)             Requested size: 390.0pt x 219.37833pt.

Overfull \hbox (9.19955pt too wide) in paragraph at lines 594--594
[]\OT1/cmr/bx/n/14.4 Cafeteria Man-ager: The "Man-age In-ven-tory" Page 
 []

[37 <./screenshots/coverImage.png>]
<screenshots/addInv.png, id=357, 1606.0pt x 903.375pt>
File: screenshots/addInv.png Graphic file (type png)

<use screenshots/addInv.png>
Package pdftex.def Info: screenshots/addInv.png used on input line 599.
(pdftex.def)             Requested size: 390.0pt x 219.37833pt.

<screenshots/updateInv.png, id=358, 1606.0pt x 903.375pt>
File: screenshots/updateInv.png Graphic file (type png)

<use screenshots/updateInv.png>
Package pdftex.def Info: screenshots/updateInv.png used on input line 605.
(pdftex.def)             Requested size: 390.0pt x 219.37833pt.
 [38 <./screenshots/addInv.png>]
<screenshots/addMenu.png, id=365, 1606.0pt x 903.375pt>
File: screenshots/addMenu.png Graphic file (type png)

<use screenshots/addMenu.png>
Package pdftex.def Info: screenshots/addMenu.png used on input line 614.
(pdftex.def)             Requested size: 390.0pt x 219.37833pt.
 [39 <./screenshots/updateInv.png>]
<screenshots/searchMenuItem.png, id=372, 1606.0pt x 903.375pt>
File: screenshots/searchMenuItem.png Graphic file (type png)

<use screenshots/searchMenuItem.png>
Package pdftex.def Info: screenshots/searchMenuItem.png used on input line 620.

(pdftex.def)             Requested size: 390.0pt x 219.37833pt.

<screenshots/updateMenu.png, id=373, 1606.0pt x 903.375pt>
File: screenshots/updateMenu.png Graphic file (type png)

<use screenshots/updateMenu.png>
Package pdftex.def Info: screenshots/updateMenu.png used on input line 626.
(pdftex.def)             Requested size: 390.0pt x 219.37833pt.
 [40 <./screenshots/addMenu.png> <./screenshots/searchMenuItem.png>]
<screenshots/deleteMenu.png, id=380, 1606.0pt x 903.375pt>
File: screenshots/deleteMenu.png Graphic file (type png)

<use screenshots/deleteMenu.png>
Package pdftex.def Info: screenshots/deleteMenu.png used on input line 632.
(pdftex.def)             Requested size: 390.0pt x 219.37833pt.
File: screenshots/beforePasta.png Graphic file (type png)
 <use screenshots/beforePasta.png>
Package pdftex.def Info: screenshots/beforePasta.png used on input line 638.
(pdftex.def)             Requested size: 390.0pt x 219.37833pt.

<screenshots/addPasta.png, id=381, 1606.0pt x 903.375pt>
File: screenshots/addPasta.png Graphic file (type png)

<use screenshots/addPasta.png>
Package pdftex.def Info: screenshots/addPasta.png used on input line 643.
(pdftex.def)             Requested size: 390.0pt x 219.37833pt.
 [41 <./screenshots/updateMenu.png> <./screenshots/deleteMenu.png>] <screenshot
s/afterPasta.png, id=388, 1606.0pt x 903.375pt>
File: screenshots/afterPasta.png Graphic file (type png)

<use screenshots/afterPasta.png>
Package pdftex.def Info: screenshots/afterPasta.png used on input line 648.
(pdftex.def)             Requested size: 390.0pt x 219.37833pt.
 [42 <./screenshots/addPasta.png>]
<screenshots/menuStats1.png, id=396, 1606.0pt x 903.375pt>
File: screenshots/menuStats1.png Graphic file (type png)

<use screenshots/menuStats1.png>
Package pdftex.def Info: screenshots/menuStats1.png used on input line 656.
(pdftex.def)             Requested size: 390.0pt x 219.37833pt.
 [43 <./screenshots/afterPasta.png>]
<screenshots/menuStats2.png, id=403, 1606.0pt x 903.375pt>
File: screenshots/menuStats2.png Graphic file (type png)

<use screenshots/menuStats2.png>
Package pdftex.def Info: screenshots/menuStats2.png used on input line 662.
(pdftex.def)             Requested size: 390.0pt x 219.37833pt.

<screenshots/menuStats25.png, id=404, 1606.0pt x 903.375pt>
File: screenshots/menuStats25.png Graphic file (type png)

<use screenshots/menuStats25.png>
Package pdftex.def Info: screenshots/menuStats25.png used on input line 668.
(pdftex.def)             Requested size: 390.0pt x 219.37833pt.
 [44 <./screenshots/menuStats1.png> <./screenshots/menuStats2.png>]
<screenshots/menuStats3.png, id=411, 1606.0pt x 903.375pt>
File: screenshots/menuStats3.png Graphic file (type png)

<use screenshots/menuStats3.png>
Package pdftex.def Info: screenshots/menuStats3.png used on input line 674.
(pdftex.def)             Requested size: 390.0pt x 219.37833pt.

<screenshots/menuStats4.png, id=412, 1606.0pt x 903.375pt>
File: screenshots/menuStats4.png Graphic file (type png)

<use screenshots/menuStats4.png>
Package pdftex.def Info: screenshots/menuStats4.png used on input line 680.
(pdftex.def)             Requested size: 390.0pt x 219.37833pt.
 [45 <./screenshots/menuStats25.png> <./screenshots/menuStats3.png>]
File: screenshots/menuStats4.png Graphic file (type png)
 <use screenshots/menuStats4.png>
Package pdftex.def Info: screenshots/menuStats4.png used on input line 686.
(pdftex.def)             Requested size: 390.0pt x 219.37833pt.
 [46 <./screenshots/menuStats4.png>] <screenshots/invStats1.png, id=425, 1606.0
pt x 903.375pt>
File: screenshots/invStats1.png Graphic file (type png)

<use screenshots/invStats1.png>
Package pdftex.def Info: screenshots/invStats1.png used on input line 695.
(pdftex.def)             Requested size: 390.0pt x 219.37833pt.

<screenshots/cashier.png, id=426, 1606.0pt x 903.375pt>
File: screenshots/cashier.png Graphic file (type png)

<use screenshots/cashier.png>
Package pdftex.def Info: screenshots/cashier.png used on input line 704.
(pdftex.def)             Requested size: 390.0pt x 219.37833pt.
 [47 <./screenshots/invStats1.png>]
<screenshots/cashierCredit.png, id=434, 1606.0pt x 903.375pt>
File: screenshots/cashierCredit.png Graphic file (type png)

<use screenshots/cashierCredit.png>
Package pdftex.def Info: screenshots/cashierCredit.png used on input line 711.
(pdftex.def)             Requested size: 390.0pt x 219.37833pt.

<screenshots/noPaymentMethSelected.png, id=435, 1606.0pt x 903.375pt>
File: screenshots/noPaymentMethSelected.png Graphic file (type png)

<use screenshots/noPaymentMethSelected.png>
Package pdftex.def Info: screenshots/noPaymentMethSelected.png used on input li
ne 717.
(pdftex.def)             Requested size: 390.0pt x 219.37833pt.
 [48 <./screenshots/cashier.png> <./screenshots/cashierCredit.png>]
<screenshots/empPaid.png, id=443, 1606.0pt x 903.375pt>
File: screenshots/empPaid.png Graphic file (type png)

<use screenshots/empPaid.png>
Package pdftex.def Info: screenshots/empPaid.png used on input line 723.
(pdftex.def)             Requested size: 390.0pt x 219.37833pt.
 [49 <./screenshots/noPaymentMethSelected.png> <./screenshots/empPaid.png>]
<screenshots/bill1.png, id=450, 1606.0pt x 903.375pt>
File: screenshots/bill1.png Graphic file (type png)

<use screenshots/bill1.png>
Package pdftex.def Info: screenshots/bill1.png used on input line 732.
(pdftex.def)             Requested size: 390.0pt x 219.37833pt.

<screenshots/bill2.png, id=451, 1606.0pt x 903.375pt>
File: screenshots/bill2.png Graphic file (type png)

<use screenshots/bill2.png>
Package pdftex.def Info: screenshots/bill2.png used on input line 738.
(pdftex.def)             Requested size: 390.0pt x 219.37833pt.
 [50 <./screenshots/bill1.png>]
<screenshots/bill3.png, id=459, 1606.0pt x 903.375pt>
File: screenshots/bill3.png Graphic file (type png)

<use screenshots/bill3.png>
Package pdftex.def Info: screenshots/bill3.png used on input line 744.
(pdftex.def)             Requested size: 390.0pt x 219.37833pt.
 [51 <./screenshots/bill2.png> <./screenshots/bill3.png>]
Package atveryend Info: Empty hook `BeforeClearDocument' on input line 773.
 [52] [53]
Package atveryend Info: Empty hook `AfterLastShipout' on input line 773.
 (./User Manual.aux)
Package atveryend Info: Executing hook `AtVeryEndDocument' on input line 773.
Package atveryend Info: Executing hook `AtEndAfterFileList' on input line 773.


Package rerunfilecheck Warning: File `"User Manual".out' has changed.
(rerunfilecheck)                Rerun to get outlines right
(rerunfilecheck)                or use package `bookmark'.

Package rerunfilecheck Info: Checksums for `"User Manual".out':
(rerunfilecheck)             Before: 256B8FCD8B9662B42DEC3937ECE10CC3;1052
(rerunfilecheck)             After:  C5F9DDC01CEF0874D78CEA036B818CE9;2522.
Package atveryend Info: Empty hook `AtVeryVeryEnd' on input line 773.
 ) 
Here is how much of TeX's memory you used:
 7450 strings out of 495028
 117113 string characters out of 6181497
 203252 words of memory out of 5000000
 10380 multiletter control sequences out of 15000+600000
 10230 words of font info for 36 fonts, out of 8000000 for 9000
 14 hyphenation exceptions out of 8191
 36i,13n,38p,1124b,396s stack positions out of 5000i,500n,10000p,200000b,80000s
</usr/share/texlive/texmf-dist/fonts/type1/public/amsfonts/cm/cmbx12.pfb></us
r/share/texlive/texmf-dist/fonts/type1/public/amsfonts/cm/cmr10.pfb></usr/share
/texlive/texmf-dist/fonts/type1/public/amsfonts/cm/cmr12.pfb></usr/share/texliv
e/texmf-dist/fonts/type1/public/amsfonts/cm/cmr17.pfb></usr/share/texlive/texmf
-dist/fonts/type1/public/amsfonts/cm/cmsy10.pfb></usr/share/texlive/texmf-dist/
fonts/type1/public/amsfonts/cm/cmti12.pfb></usr/share/texlive/texmf-dist/fonts/
type1/public/amsfonts/cm/cmtt12.pfb>
Output written on "User Manual.pdf" (54 pages, 14438242 bytes).
PDF statistics:
 541 PDF objects out of 1000 (max. 8388607)
 406 compressed objects within 5 object streams
 173 named destinations out of 1000 (max. 500000)
 444 words of extra memory for PDF output out of 10000 (max. 10000000)

