\BOOKMARK [1][-]{section.0.1}{Introduction}{}% 1
\BOOKMARK [1][-]{section.0.2}{Vision}{}% 2
\BOOKMARK [1][-]{section.0.3}{Background}{}% 3
\BOOKMARK [2][-]{subsection.0.3.1}{The current situation/ problems the client currently experience}{section.0.3}% 4
\BOOKMARK [2][-]{subsection.0.3.2}{How the aforementioned problems will be alleviated by the CMS}{section.0.3}% 5
\BOOKMARK [1][-]{section.0.4}{System Overview}{}% 6
\BOOKMARK [1][-]{section.0.5}{System Configuration}{}% 7
\BOOKMARK [1][-]{section.0.6}{Installation}{}% 8
\BOOKMARK [2][-]{subsection.0.6.1}{Prerequisites}{section.0.6}% 9
\BOOKMARK [2][-]{subsection.0.6.2}{Setting up CMS}{section.0.6}% 10
\BOOKMARK [1][-]{section.0.7}{Getting Started}{}% 11
\BOOKMARK [2][-]{subsection.0.7.1}{Administrative Users}{section.0.7}% 12
\BOOKMARK [2][-]{subsection.0.7.2}{Creating an Account}{section.0.7}% 13
\BOOKMARK [2][-]{subsection.0.7.3}{Logging In}{section.0.7}% 14
\BOOKMARK [1][-]{section.0.8}{Using The System}{}% 15
\BOOKMARK [2][-]{subsection.0.8.1}{The Navigation pane}{section.0.8}% 16
\BOOKMARK [2][-]{subsection.0.8.2}{The "Menu" Page}{section.0.8}% 17
\BOOKMARK [2][-]{subsection.0.8.3}{The "On my plate" Page}{section.0.8}% 18
\BOOKMARK [2][-]{subsection.0.8.4}{The "Notifications" Page}{section.0.8}% 19
\BOOKMARK [2][-]{subsection.0.8.5}{The "Edit Profile" Page}{section.0.8}% 20
\BOOKMARK [2][-]{subsection.0.8.6}{The "Profile" Page}{section.0.8}% 21
\BOOKMARK [2][-]{subsection.0.8.7}{The "Change Password" Page}{section.0.8}% 22
\BOOKMARK [2][-]{subsection.0.8.8}{Superuser: The "Administrative Settings" Page}{section.0.8}% 23
\BOOKMARK [2][-]{subsection.0.8.9}{Superuser: The "Audits" Page}{section.0.8}% 24
\BOOKMARK [2][-]{subsection.0.8.10}{Superuser: The "Branding Settings" Page}{section.0.8}% 25
\BOOKMARK [2][-]{subsection.0.8.11}{Cafeteria Manager: The "Manage Inventory" Page}{section.0.8}% 26
\BOOKMARK [2][-]{subsection.0.8.12}{Cafeteria Manager: The "Manage Menu" Page}{section.0.8}% 27
\BOOKMARK [2][-]{subsection.0.8.13}{Cafeteria Manager: The "Menu items statistics" Page}{section.0.8}% 28
\BOOKMARK [2][-]{subsection.0.8.14}{Cafeteria Manager: The "Inventory statistics" Page}{section.0.8}% 29
\BOOKMARK [2][-]{subsection.0.8.15}{Cashier: The "Process Orders" Page}{section.0.8}% 30
\BOOKMARK [2][-]{subsection.0.8.16}{Financial Manager: The "View Employee Bills" Page}{section.0.8}% 31
\BOOKMARK [1][-]{section.0.9}{Troubleshooting}{}% 32
\BOOKMARK [2][-]{subsection.0.9.1}{Problems with setting up the system}{section.0.9}% 33
